3/13/2017 9:02:52 AM, Info: Initializing SIMPLSharp Services...
3/13/2017 9:02:53 AM, Info: ProjectInfo successfully initialized.
3/13/2017 9:03:08 AM, Info: Validating assembly C:\Users\hvolmer\Desktop\working\essentials\PepperDashEssentials\PepperDashEssentials\bin\PepperDashEssentials.dll...
3/13/2017 9:03:09 AM, Info: Verifying assembly C:\Users\hvolmer\Desktop\working\essentials\PepperDashEssentials\PepperDashEssentials\bin\PepperDashEssentials.dll
3/13/2017 9:03:09 AM, Info: Creating Archive C:\Users\hvolmer\Desktop\working\essentials\PepperDashEssentials\PepperDashEssentials\bin\PepperDashEssentials.cpz...
3/13/2017 9:03:11 AM, Info: Saving project information...
3/13/2017 10:06:33 AM, Info: Validating assembly C:\Users\hvolmer\Desktop\working\essentials\PepperDashEssentials\PepperDashEssentials\bin\PepperDashEssentials.dll...
3/13/2017 10:06:34 AM, Info: Verifying assembly C:\Users\hvolmer\Desktop\working\essentials\PepperDashEssentials\PepperDashEssentials\bin\PepperDashEssentials.dll
3/13/2017 10:06:34 AM, Info: Creating Archive C:\Users\hvolmer\Desktop\working\essentials\PepperDashEssentials\PepperDashEssentials\bin\PepperDashEssentials.cpz...
3/13/2017 10:06:35 AM, Info: Saving project information...
3/13/2017 10:07:24 AM, Info: Validating assembly C:\Users\hvolmer\Desktop\working\essentials\PepperDashEssentials\PepperDashEssentials\bin\PepperDashEssentials.dll...
3/13/2017 10:07:25 AM, Info: Verifying assembly C:\Users\hvolmer\Desktop\working\essentials\PepperDashEssentials\PepperDashEssentials\bin\PepperDashEssentials.dll
3/13/2017 10:07:25 AM, Info: Creating Archive C:\Users\hvolmer\Desktop\working\essentials\PepperDashEssentials\PepperDashEssentials\bin\PepperDashEssentials.cpz...
3/13/2017 10:07:26 AM, Info: Saving project information...
3/13/2017 10:18:49 AM, Info: Validating assembly C:\Users\hvolmer\Desktop\working\essentials\PepperDashEssentials\PepperDashEssentials\bin\PepperDashEssentials.dll...
3/13/2017 10:18:49 AM, Info: Verifying assembly C:\Users\hvolmer\Desktop\working\essentials\PepperDashEssentials\PepperDashEssentials\bin\PepperDashEssentials.dll
3/13/2017 10:18:50 AM, Info: Creating Archive C:\Users\hvolmer\Desktop\working\essentials\PepperDashEssentials\PepperDashEssentials\bin\PepperDashEssentials.cpz...
3/13/2017 10:18:51 AM, Info: Saving project information...
3/13/2017 10:40:42 AM, Info: Validating assembly C:\Users\hvolmer\Desktop\working\essentials\PepperDashEssentials\PepperDashEssentials\bin\PepperDashEssentials.dll...
3/13/2017 10:40:43 AM, Info: Verifying assembly C:\Users\hvolmer\Desktop\working\essentials\PepperDashEssentials\PepperDashEssentials\bin\PepperDashEssentials.dll
3/13/2017 10:40:43 AM, Info: Creating Archive C:\Users\hvolmer\Desktop\working\essentials\PepperDashEssentials\PepperDashEssentials\bin\PepperDashEssentials.cpz...
3/13/2017 10:40:45 AM, Info: Saving project information...
3/13/2017 10:50:46 AM, Info: Validating assembly C:\Users\hvolmer\Desktop\working\essentials\PepperDashEssentials\PepperDashEssentials\bin\PepperDashEssentials.dll...
3/13/2017 10:50:47 AM, Info: Verifying assembly C:\Users\hvolmer\Desktop\working\essentials\PepperDashEssentials\PepperDashEssentials\bin\PepperDashEssentials.dll
3/13/2017 10:50:47 AM, Info: Creating Archive C:\Users\hvolmer\Desktop\working\essentials\PepperDashEssentials\PepperDashEssentials\bin\PepperDashEssentials.cpz...
3/13/2017 10:50:48 AM, Info: Saving project information...
3/13/2017 5:02:05 PM, Info: Terminating SIMPLSharp Services
