2/23/2017 8:42:27 AM, Info: Initializing SIMPLSharp Services...
2/23/2017 8:42:27 AM, Info: ProjectInfo successfully initialized.
2/23/2017 8:49:33 AM, Info: Validating assembly C:\Users\hvolmer\Desktop\working\essentials\PepperDashEssentials\PepperDashEssentials\bin\PepperDashEssentials.dll...
2/23/2017 8:49:34 AM, Info: Verifying assembly C:\Users\hvolmer\Desktop\working\essentials\PepperDashEssentials\PepperDashEssentials\bin\PepperDashEssentials.dll
2/23/2017 8:49:34 AM, Info: Creating Archive C:\Users\hvolmer\Desktop\working\essentials\PepperDashEssentials\PepperDashEssentials\bin\PepperDashEssentials.cpz...
2/23/2017 8:49:36 AM, Info: Saving project information...
2/23/2017 8:55:41 AM, Info: Validating assembly C:\Users\hvolmer\Desktop\working\essentials\PepperDashEssentials\PepperDashEssentials\bin\PepperDashEssentials.dll...
2/23/2017 8:55:42 AM, Info: Verifying assembly C:\Users\hvolmer\Desktop\working\essentials\PepperDashEssentials\PepperDashEssentials\bin\PepperDashEssentials.dll
2/23/2017 8:55:42 AM, Info: Creating Archive C:\Users\hvolmer\Desktop\working\essentials\PepperDashEssentials\PepperDashEssentials\bin\PepperDashEssentials.cpz...
2/23/2017 8:55:43 AM, Info: Saving project information...
2/23/2017 8:57:56 AM, Info: Validating assembly C:\Users\hvolmer\Desktop\working\essentials\PepperDashEssentials\PepperDashEssentials\bin\PepperDashEssentials.dll...
2/23/2017 8:57:56 AM, Info: Verifying assembly C:\Users\hvolmer\Desktop\working\essentials\PepperDashEssentials\PepperDashEssentials\bin\PepperDashEssentials.dll
2/23/2017 8:57:56 AM, Info: Creating Archive C:\Users\hvolmer\Desktop\working\essentials\PepperDashEssentials\PepperDashEssentials\bin\PepperDashEssentials.cpz...
2/23/2017 8:57:58 AM, Info: Saving project information...
2/23/2017 9:12:05 AM, Info: Validating assembly C:\Users\hvolmer\Desktop\working\essentials\PepperDashEssentials\PepperDashEssentials\bin\PepperDashEssentials.dll...
2/23/2017 9:12:06 AM, Info: Verifying assembly C:\Users\hvolmer\Desktop\working\essentials\PepperDashEssentials\PepperDashEssentials\bin\PepperDashEssentials.dll
2/23/2017 9:12:06 AM, Info: Creating Archive C:\Users\hvolmer\Desktop\working\essentials\PepperDashEssentials\PepperDashEssentials\bin\PepperDashEssentials.cpz...
2/23/2017 9:12:08 AM, Info: Saving project information...
2/23/2017 9:28:52 AM, Info: Validating assembly C:\Users\hvolmer\Desktop\working\essentials\PepperDashEssentials\PepperDashEssentials\bin\PepperDashEssentials.dll...
2/23/2017 9:28:53 AM, Info: Verifying assembly C:\Users\hvolmer\Desktop\working\essentials\PepperDashEssentials\PepperDashEssentials\bin\PepperDashEssentials.dll
2/23/2017 9:28:53 AM, Info: Creating Archive C:\Users\hvolmer\Desktop\working\essentials\PepperDashEssentials\PepperDashEssentials\bin\PepperDashEssentials.cpz...
2/23/2017 9:28:54 AM, Exception: The process cannot access the file 'C:\Users\hvolmer\Desktop\working\essentials\PepperDashEssentials\PepperDashEssentials\bin\PepperDashEssentials.cpz' because it is being used by another process.
   at System.IO.__Error.WinIOError(Int32 errorCode, String maybeFullPath)
   at System.IO.File.Delete(String path)
   at Crestron.Tools.SIMPLSharp.Services.Utilities.Zipper.Zip(String zipFileName, Folder folderToZip)
   at h.a(String A_0, IList`1 A_1, String A_2)
2/23/2017 9:32:21 AM, Info: Saving project information...
2/23/2017 9:32:21 AM, Info: Saving project information...
2/23/2017 9:32:21 AM, Info: Saving project information...
2/23/2017 9:35:44 AM, Info: Saving project information...
2/23/2017 9:35:44 AM, Info: Saving project information...
2/23/2017 9:35:44 AM, Info: Saving project information...
2/23/2017 9:35:44 AM, Info: Saving project information...
2/23/2017 9:35:44 AM, Info: Saving project information...
2/23/2017 9:35:44 AM, Info: Saving project information...
2/23/2017 9:35:46 AM, Info: Validating assembly C:\Users\hvolmer\Desktop\working\essentials\PepperDashEssentials\PepperDashEssentials\bin\PepperDashEssentials.dll...
2/23/2017 9:35:47 AM, Info: Verifying assembly C:\Users\hvolmer\Desktop\working\essentials\PepperDashEssentials\PepperDashEssentials\bin\PepperDashEssentials.dll
2/23/2017 9:35:47 AM, Info: Creating Archive C:\Users\hvolmer\Desktop\working\essentials\PepperDashEssentials\PepperDashEssentials\bin\PepperDashEssentials.cpz...
2/23/2017 9:35:48 AM, Info: Saving project information...
2/23/2017 10:32:33 AM, Info: Validating assembly C:\Users\hvolmer\Desktop\working\essentials\PepperDashEssentials\PepperDashEssentials\bin\PepperDashEssentials.dll...
2/23/2017 10:32:34 AM, Info: Verifying assembly C:\Users\hvolmer\Desktop\working\essentials\PepperDashEssentials\PepperDashEssentials\bin\PepperDashEssentials.dll
2/23/2017 10:32:34 AM, Info: Creating Archive C:\Users\hvolmer\Desktop\working\essentials\PepperDashEssentials\PepperDashEssentials\bin\PepperDashEssentials.cpz...
2/23/2017 10:32:35 AM, Info: Saving project information...
2/23/2017 10:35:50 AM, Info: Validating assembly C:\Users\hvolmer\Desktop\working\essentials\PepperDashEssentials\PepperDashEssentials\bin\PepperDashEssentials.dll...
2/23/2017 10:35:51 AM, Info: Verifying assembly C:\Users\hvolmer\Desktop\working\essentials\PepperDashEssentials\PepperDashEssentials\bin\PepperDashEssentials.dll
2/23/2017 10:35:51 AM, Info: Creating Archive C:\Users\hvolmer\Desktop\working\essentials\PepperDashEssentials\PepperDashEssentials\bin\PepperDashEssentials.cpz...
2/23/2017 10:35:53 AM, Info: Saving project information...
2/23/2017 10:53:11 AM, Info: Validating assembly C:\Users\hvolmer\Desktop\working\essentials\PepperDashEssentials\PepperDashEssentials\bin\PepperDashEssentials.dll...
2/23/2017 10:53:12 AM, Info: Verifying assembly C:\Users\hvolmer\Desktop\working\essentials\PepperDashEssentials\PepperDashEssentials\bin\PepperDashEssentials.dll
2/23/2017 10:53:12 AM, Info: Creating Archive C:\Users\hvolmer\Desktop\working\essentials\PepperDashEssentials\PepperDashEssentials\bin\PepperDashEssentials.cpz...
2/23/2017 10:53:13 AM, Info: Saving project information...
2/23/2017 10:54:13 AM, Info: Validating assembly C:\Users\hvolmer\Desktop\working\essentials\PepperDashEssentials\PepperDashEssentials\bin\PepperDashEssentials.dll...
2/23/2017 10:54:14 AM, Info: Verifying assembly C:\Users\hvolmer\Desktop\working\essentials\PepperDashEssentials\PepperDashEssentials\bin\PepperDashEssentials.dll
2/23/2017 10:54:14 AM, Info: Creating Archive C:\Users\hvolmer\Desktop\working\essentials\PepperDashEssentials\PepperDashEssentials\bin\PepperDashEssentials.cpz...
2/23/2017 10:54:15 AM, Info: Saving project information...
2/23/2017 11:00:55 AM, Info: Validating assembly C:\Users\hvolmer\Desktop\working\essentials\PepperDashEssentials\PepperDashEssentials\bin\PepperDashEssentials.dll...
2/23/2017 11:00:56 AM, Info: Verifying assembly C:\Users\hvolmer\Desktop\working\essentials\PepperDashEssentials\PepperDashEssentials\bin\PepperDashEssentials.dll
2/23/2017 11:00:56 AM, Info: Creating Archive C:\Users\hvolmer\Desktop\working\essentials\PepperDashEssentials\PepperDashEssentials\bin\PepperDashEssentials.cpz...
2/23/2017 11:00:57 AM, Info: Saving project information...
2/23/2017 11:12:54 AM, Info: Validating assembly C:\Users\hvolmer\Desktop\working\essentials\PepperDashEssentials\PepperDashEssentials\bin\PepperDashEssentials.dll...
2/23/2017 11:12:55 AM, Info: Verifying assembly C:\Users\hvolmer\Desktop\working\essentials\PepperDashEssentials\PepperDashEssentials\bin\PepperDashEssentials.dll
2/23/2017 11:12:55 AM, Info: Creating Archive C:\Users\hvolmer\Desktop\working\essentials\PepperDashEssentials\PepperDashEssentials\bin\PepperDashEssentials.cpz...
2/23/2017 11:12:57 AM, Info: Saving project information...
2/23/2017 11:24:45 AM, Info: Validating assembly C:\Users\hvolmer\Desktop\working\essentials\PepperDashEssentials\PepperDashEssentials\bin\PepperDashEssentials.dll...
2/23/2017 11:24:45 AM, Info: Verifying assembly C:\Users\hvolmer\Desktop\working\essentials\PepperDashEssentials\PepperDashEssentials\bin\PepperDashEssentials.dll
2/23/2017 11:24:46 AM, Info: Creating Archive C:\Users\hvolmer\Desktop\working\essentials\PepperDashEssentials\PepperDashEssentials\bin\PepperDashEssentials.cpz...
2/23/2017 11:24:47 AM, Info: Saving project information...
2/23/2017 11:56:58 AM, Info: Terminating SIMPLSharp Services
