2/10/2017 10:07:37 AM, Info: Initializing SIMPLSharp Services...
2/10/2017 10:07:37 AM, Info: ProjectInfo successfully initialized.
2/10/2017 1:58:49 PM, Info: Saving project information...
2/10/2017 1:58:49 PM, Info: Saving project information...
2/10/2017 1:58:49 PM, Info: Saving project information...
2/10/2017 2:03:49 PM, Info: Saving project information...
2/10/2017 2:03:49 PM, Info: Saving project information...
2/10/2017 2:03:49 PM, Info: Saving project information...
2/10/2017 2:08:49 PM, Info: Saving project information...
2/10/2017 2:08:49 PM, Info: Saving project information...
2/10/2017 2:08:49 PM, Info: Saving project information...
2/10/2017 2:13:49 PM, Info: Saving project information...
2/10/2017 2:13:49 PM, Info: Saving project information...
2/10/2017 2:13:49 PM, Info: Saving project information...
2/10/2017 2:18:49 PM, Info: Saving project information...
2/10/2017 2:18:49 PM, Info: Saving project information...
2/10/2017 2:18:49 PM, Info: Saving project information...
2/10/2017 2:23:49 PM, Info: Saving project information...
2/10/2017 2:23:49 PM, Info: Saving project information...
2/10/2017 2:23:49 PM, Info: Saving project information...
2/10/2017 2:28:46 PM, Info: Saving project information...
2/10/2017 2:28:46 PM, Info: Saving project information...
2/10/2017 2:28:46 PM, Info: Saving project information...
2/10/2017 2:28:46 PM, Info: Saving project information...
2/10/2017 2:28:46 PM, Info: Saving project information...
2/10/2017 2:28:46 PM, Info: Saving project information...
2/10/2017 2:29:51 PM, Info: Validating assembly C:\Users\hvolmer\Desktop\working\essentials\PepperDashEssentials\PepperDashEssentials\bin\PepperDashEssentials.dll...
2/10/2017 2:29:52 PM, Info: Verifying assembly C:\Users\hvolmer\Desktop\working\essentials\PepperDashEssentials\PepperDashEssentials\bin\PepperDashEssentials.dll
2/10/2017 2:29:52 PM, Info: Creating Archive C:\Users\hvolmer\Desktop\working\essentials\PepperDashEssentials\PepperDashEssentials\bin\PepperDashEssentials.cpz...
2/10/2017 2:29:54 PM, Info: Saving project information...
2/10/2017 2:31:19 PM, Info: Terminating SIMPLSharp Services
