2/8/2017 12:42:19 PM, Info: Initializing SIMPLSharp Services...
2/8/2017 12:42:19 PM, Info: ProjectInfo successfully initialized.
2/8/2017 1:05:56 PM, Info: Saving project information...
2/8/2017 1:05:56 PM, Info: Saving project information...
2/8/2017 1:05:56 PM, Info: Saving project information...
2/8/2017 1:05:56 PM, Info: Saving project information...
2/8/2017 1:05:56 PM, Info: Saving project information...
2/8/2017 1:05:56 PM, Info: Saving project information...
2/8/2017 1:06:09 PM, Info: Validating assembly C:\Users\hvolmer\Desktop\working\essentials\PepperDashEssentials\PepperDashEssentials\bin\PepperDashEssentials.dll...
2/8/2017 1:06:10 PM, Info: Verifying assembly C:\Users\hvolmer\Desktop\working\essentials\PepperDashEssentials\PepperDashEssentials\bin\PepperDashEssentials.dll
2/8/2017 1:06:10 PM, Info: Creating Archive C:\Users\hvolmer\Desktop\working\essentials\PepperDashEssentials\PepperDashEssentials\bin\PepperDashEssentials.cpz...
2/8/2017 1:06:11 PM, Info: Saving project information...
2/8/2017 2:04:40 PM, Info: Validating assembly C:\Users\hvolmer\Desktop\working\essentials\PepperDashEssentials\PepperDashEssentials\bin\PepperDashEssentials.dll...
2/8/2017 2:04:40 PM, Info: Verifying assembly C:\Users\hvolmer\Desktop\working\essentials\PepperDashEssentials\PepperDashEssentials\bin\PepperDashEssentials.dll
2/8/2017 2:04:40 PM, Info: Creating Archive C:\Users\hvolmer\Desktop\working\essentials\PepperDashEssentials\PepperDashEssentials\bin\PepperDashEssentials.cpz...
2/8/2017 2:04:42 PM, Info: Saving project information...
2/8/2017 2:32:10 PM, Info: Validating assembly C:\Users\hvolmer\Desktop\working\essentials\PepperDashEssentials\PepperDashEssentials\bin\PepperDashEssentials.dll...
2/8/2017 2:32:10 PM, Info: Verifying assembly C:\Users\hvolmer\Desktop\working\essentials\PepperDashEssentials\PepperDashEssentials\bin\PepperDashEssentials.dll
2/8/2017 2:32:10 PM, Info: Creating Archive C:\Users\hvolmer\Desktop\working\essentials\PepperDashEssentials\PepperDashEssentials\bin\PepperDashEssentials.cpz...
2/8/2017 2:32:12 PM, Info: Saving project information...
2/8/2017 2:38:27 PM, Info: Validating assembly C:\Users\hvolmer\Desktop\working\essentials\PepperDashEssentials\PepperDashEssentials\bin\PepperDashEssentials.dll...
2/8/2017 2:38:27 PM, Info: Verifying assembly C:\Users\hvolmer\Desktop\working\essentials\PepperDashEssentials\PepperDashEssentials\bin\PepperDashEssentials.dll
2/8/2017 2:38:27 PM, Info: Creating Archive C:\Users\hvolmer\Desktop\working\essentials\PepperDashEssentials\PepperDashEssentials\bin\PepperDashEssentials.cpz...
2/8/2017 2:38:29 PM, Info: Saving project information...
2/8/2017 2:41:17 PM, Info: Validating assembly C:\Users\hvolmer\Desktop\working\essentials\PepperDashEssentials\PepperDashEssentials\bin\PepperDashEssentials.dll...
2/8/2017 2:41:18 PM, Info: Verifying assembly C:\Users\hvolmer\Desktop\working\essentials\PepperDashEssentials\PepperDashEssentials\bin\PepperDashEssentials.dll
2/8/2017 2:41:18 PM, Info: Creating Archive C:\Users\hvolmer\Desktop\working\essentials\PepperDashEssentials\PepperDashEssentials\bin\PepperDashEssentials.cpz...
2/8/2017 2:41:19 PM, Info: Saving project information...
2/8/2017 2:43:49 PM, Info: Validating assembly C:\Users\hvolmer\Desktop\working\essentials\PepperDashEssentials\PepperDashEssentials\bin\PepperDashEssentials.dll...
2/8/2017 2:43:49 PM, Info: Verifying assembly C:\Users\hvolmer\Desktop\working\essentials\PepperDashEssentials\PepperDashEssentials\bin\PepperDashEssentials.dll
2/8/2017 2:43:49 PM, Info: Creating Archive C:\Users\hvolmer\Desktop\working\essentials\PepperDashEssentials\PepperDashEssentials\bin\PepperDashEssentials.cpz...
2/8/2017 2:43:51 PM, Info: Saving project information...
2/8/2017 2:44:11 PM, Info: Validating assembly C:\Users\hvolmer\Desktop\working\essentials\PepperDashEssentials\PepperDashEssentials\bin\PepperDashEssentials.dll...
2/8/2017 2:44:12 PM, Info: Verifying assembly C:\Users\hvolmer\Desktop\working\essentials\PepperDashEssentials\PepperDashEssentials\bin\PepperDashEssentials.dll
2/8/2017 2:44:12 PM, Info: Creating Archive C:\Users\hvolmer\Desktop\working\essentials\PepperDashEssentials\PepperDashEssentials\bin\PepperDashEssentials.cpz...
2/8/2017 2:44:13 PM, Info: Saving project information...
2/8/2017 2:52:31 PM, Info: Validating assembly C:\Users\hvolmer\Desktop\working\essentials\PepperDashEssentials\PepperDashEssentials\bin\PepperDashEssentials.dll...
2/8/2017 2:52:31 PM, Info: Verifying assembly C:\Users\hvolmer\Desktop\working\essentials\PepperDashEssentials\PepperDashEssentials\bin\PepperDashEssentials.dll
2/8/2017 2:52:32 PM, Info: Creating Archive C:\Users\hvolmer\Desktop\working\essentials\PepperDashEssentials\PepperDashEssentials\bin\PepperDashEssentials.cpz...
2/8/2017 2:52:33 PM, Info: Saving project information...
2/8/2017 3:09:44 PM, Info: Validating assembly C:\Users\hvolmer\Desktop\working\essentials\PepperDashEssentials\PepperDashEssentials\bin\PepperDashEssentials.dll...
2/8/2017 3:09:44 PM, Info: Verifying assembly C:\Users\hvolmer\Desktop\working\essentials\PepperDashEssentials\PepperDashEssentials\bin\PepperDashEssentials.dll
2/8/2017 3:09:45 PM, Info: Creating Archive C:\Users\hvolmer\Desktop\working\essentials\PepperDashEssentials\PepperDashEssentials\bin\PepperDashEssentials.cpz...
2/8/2017 3:09:46 PM, Info: Saving project information...
2/8/2017 3:16:21 PM, Info: Validating assembly C:\Users\hvolmer\Desktop\working\essentials\PepperDashEssentials\PepperDashEssentials\bin\PepperDashEssentials.dll...
2/8/2017 3:16:22 PM, Info: Verifying assembly C:\Users\hvolmer\Desktop\working\essentials\PepperDashEssentials\PepperDashEssentials\bin\PepperDashEssentials.dll
2/8/2017 3:16:22 PM, Info: Creating Archive C:\Users\hvolmer\Desktop\working\essentials\PepperDashEssentials\PepperDashEssentials\bin\PepperDashEssentials.cpz...
2/8/2017 3:16:23 PM, Info: Saving project information...
2/8/2017 3:59:21 PM, Info: Terminating SIMPLSharp Services
