1/16/2017 9:03:58 AM, Info: Initializing SIMPLSharp Services...
1/16/2017 9:03:58 AM, Info: ProjectInfo successfully initialized.
1/17/2017 9:47:21 AM, Info: Validating assembly C:\Users\hvolmer\Desktop\working\essentials-ssp\PepperDashEssentials\PepperDashEssentials\bin\PepperDashEssentials.dll...
1/17/2017 9:47:22 AM, Info: Verifying assembly C:\Users\hvolmer\Desktop\working\essentials-ssp\PepperDashEssentials\PepperDashEssentials\bin\PepperDashEssentials.dll
1/17/2017 9:47:22 AM, Info: Creating Archive C:\Users\hvolmer\Desktop\working\essentials-ssp\PepperDashEssentials\PepperDashEssentials\bin\PepperDashEssentials.cpz...
1/17/2017 9:47:24 AM, Info: Saving project information...
1/17/2017 10:10:33 AM, Info: Validating assembly C:\Users\hvolmer\Desktop\working\essentials-ssp\PepperDashEssentials\PepperDashEssentials\bin\PepperDashEssentials.dll...
1/17/2017 10:10:33 AM, Info: Verifying assembly C:\Users\hvolmer\Desktop\working\essentials-ssp\PepperDashEssentials\PepperDashEssentials\bin\PepperDashEssentials.dll
1/17/2017 10:10:34 AM, Info: Creating Archive C:\Users\hvolmer\Desktop\working\essentials-ssp\PepperDashEssentials\PepperDashEssentials\bin\PepperDashEssentials.cpz...
1/17/2017 10:10:35 AM, Info: Saving project information...
1/17/2017 11:27:26 AM, Info: Validating assembly C:\Users\hvolmer\Desktop\working\essentials-ssp\PepperDashEssentials\PepperDashEssentials\bin\PepperDashEssentials.dll...
1/17/2017 11:27:27 AM, Info: Verifying assembly C:\Users\hvolmer\Desktop\working\essentials-ssp\PepperDashEssentials\PepperDashEssentials\bin\PepperDashEssentials.dll
1/17/2017 11:27:27 AM, Info: Creating Archive C:\Users\hvolmer\Desktop\working\essentials-ssp\PepperDashEssentials\PepperDashEssentials\bin\PepperDashEssentials.cpz...
1/17/2017 11:27:28 AM, Info: Saving project information...
1/17/2017 11:31:13 AM, Info: Validating assembly C:\Users\hvolmer\Desktop\working\essentials-ssp\PepperDashEssentials\PepperDashEssentials\bin\PepperDashEssentials.dll...
1/17/2017 11:31:13 AM, Info: Verifying assembly C:\Users\hvolmer\Desktop\working\essentials-ssp\PepperDashEssentials\PepperDashEssentials\bin\PepperDashEssentials.dll
1/17/2017 11:31:13 AM, Info: Creating Archive C:\Users\hvolmer\Desktop\working\essentials-ssp\PepperDashEssentials\PepperDashEssentials\bin\PepperDashEssentials.cpz...
1/17/2017 11:31:14 AM, Info: Saving project information...
1/17/2017 12:36:38 PM, Info: Validating assembly C:\Users\hvolmer\Desktop\working\essentials-ssp\PepperDashEssentials\PepperDashEssentials\bin\PepperDashEssentials.dll...
1/17/2017 12:36:38 PM, Info: Verifying assembly C:\Users\hvolmer\Desktop\working\essentials-ssp\PepperDashEssentials\PepperDashEssentials\bin\PepperDashEssentials.dll
1/17/2017 12:36:39 PM, Info: Creating Archive C:\Users\hvolmer\Desktop\working\essentials-ssp\PepperDashEssentials\PepperDashEssentials\bin\PepperDashEssentials.cpz...
1/17/2017 12:36:40 PM, Info: Saving project information...
1/17/2017 12:39:52 PM, Info: Validating assembly C:\Users\hvolmer\Desktop\working\essentials-ssp\PepperDashEssentials\PepperDashEssentials\bin\PepperDashEssentials.dll...
1/17/2017 12:39:52 PM, Info: Verifying assembly C:\Users\hvolmer\Desktop\working\essentials-ssp\PepperDashEssentials\PepperDashEssentials\bin\PepperDashEssentials.dll
1/17/2017 12:39:52 PM, Info: Creating Archive C:\Users\hvolmer\Desktop\working\essentials-ssp\PepperDashEssentials\PepperDashEssentials\bin\PepperDashEssentials.cpz...
1/17/2017 12:39:54 PM, Info: Saving project information...
1/17/2017 12:40:18 PM, Info: Validating assembly C:\Users\hvolmer\Desktop\working\essentials-ssp\PepperDashEssentials\PepperDashEssentials\bin\PepperDashEssentials.dll...
1/17/2017 12:40:19 PM, Info: Verifying assembly C:\Users\hvolmer\Desktop\working\essentials-ssp\PepperDashEssentials\PepperDashEssentials\bin\PepperDashEssentials.dll
1/17/2017 12:40:19 PM, Info: Creating Archive C:\Users\hvolmer\Desktop\working\essentials-ssp\PepperDashEssentials\PepperDashEssentials\bin\PepperDashEssentials.cpz...
1/17/2017 12:40:20 PM, Info: Saving project information...
1/17/2017 5:15:33 PM, Info: Terminating SIMPLSharp Services
