2/14/2017 9:19:32 AM, Info: Initializing SIMPLSharp Services...
2/14/2017 9:19:32 AM, Info: ProjectInfo successfully initialized.
2/14/2017 9:49:26 AM, Info: Saving project information...
2/14/2017 9:49:26 AM, Info: Saving project information...
2/14/2017 9:49:26 AM, Info: Saving project information...
2/14/2017 9:54:26 AM, Info: Saving project information...
2/14/2017 9:54:26 AM, Info: Saving project information...
2/14/2017 9:54:26 AM, Info: Saving project information...
2/14/2017 9:59:26 AM, Info: Saving project information...
2/14/2017 9:59:26 AM, Info: Saving project information...
2/14/2017 9:59:26 AM, Info: Saving project information...
2/14/2017 10:04:24 AM, Info: Saving project information...
2/14/2017 10:04:24 AM, Info: Saving project information...
2/14/2017 10:04:24 AM, Info: Saving project information...
2/14/2017 10:04:24 AM, Info: Saving project information...
2/14/2017 10:04:24 AM, Info: Saving project information...
2/14/2017 10:04:24 AM, Info: Saving project information...
2/14/2017 10:04:27 AM, Info: Validating assembly C:\Users\hvolmer\Desktop\working\essentials\PepperDashEssentials\PepperDashEssentials\bin\PepperDashEssentials.dll...
2/14/2017 10:04:28 AM, Info: Verifying assembly C:\Users\hvolmer\Desktop\working\essentials\PepperDashEssentials\PepperDashEssentials\bin\PepperDashEssentials.dll
2/14/2017 10:04:29 AM, Info: Creating Archive C:\Users\hvolmer\Desktop\working\essentials\PepperDashEssentials\PepperDashEssentials\bin\PepperDashEssentials.cpz...
2/14/2017 10:04:30 AM, Info: Saving project information...
2/14/2017 10:45:07 AM, Info: Validating assembly C:\Users\hvolmer\Desktop\working\essentials\PepperDashEssentials\PepperDashEssentials\bin\PepperDashEssentials.dll...
2/14/2017 10:45:08 AM, Info: Verifying assembly C:\Users\hvolmer\Desktop\working\essentials\PepperDashEssentials\PepperDashEssentials\bin\PepperDashEssentials.dll
2/14/2017 10:45:08 AM, Info: Creating Archive C:\Users\hvolmer\Desktop\working\essentials\PepperDashEssentials\PepperDashEssentials\bin\PepperDashEssentials.cpz...
2/14/2017 10:45:09 AM, Info: Saving project information...
2/14/2017 10:54:24 AM, Info: Validating assembly C:\Users\hvolmer\Desktop\working\essentials\PepperDashEssentials\PepperDashEssentials\bin\PepperDashEssentials.dll...
2/14/2017 10:54:25 AM, Info: Verifying assembly C:\Users\hvolmer\Desktop\working\essentials\PepperDashEssentials\PepperDashEssentials\bin\PepperDashEssentials.dll
2/14/2017 10:54:25 AM, Info: Creating Archive C:\Users\hvolmer\Desktop\working\essentials\PepperDashEssentials\PepperDashEssentials\bin\PepperDashEssentials.cpz...
2/14/2017 10:54:26 AM, Info: Saving project information...
2/14/2017 11:20:14 AM, Info: Validating assembly C:\Users\hvolmer\Desktop\working\essentials\PepperDashEssentials\PepperDashEssentials\bin\PepperDashEssentials.dll...
2/14/2017 11:20:15 AM, Info: Verifying assembly C:\Users\hvolmer\Desktop\working\essentials\PepperDashEssentials\PepperDashEssentials\bin\PepperDashEssentials.dll
2/14/2017 11:20:15 AM, Info: Creating Archive C:\Users\hvolmer\Desktop\working\essentials\PepperDashEssentials\PepperDashEssentials\bin\PepperDashEssentials.cpz...
2/14/2017 11:20:16 AM, Info: Saving project information...
2/14/2017 11:24:21 AM, Info: Validating assembly C:\Users\hvolmer\Desktop\working\essentials\PepperDashEssentials\PepperDashEssentials\bin\PepperDashEssentials.dll...
2/14/2017 11:24:21 AM, Info: Verifying assembly C:\Users\hvolmer\Desktop\working\essentials\PepperDashEssentials\PepperDashEssentials\bin\PepperDashEssentials.dll
2/14/2017 11:24:21 AM, Info: Creating Archive C:\Users\hvolmer\Desktop\working\essentials\PepperDashEssentials\PepperDashEssentials\bin\PepperDashEssentials.cpz...
2/14/2017 11:24:23 AM, Info: Saving project information...
2/14/2017 3:14:36 PM, Info: Saving project information...
2/14/2017 3:14:36 PM, Info: Saving project information...
2/14/2017 3:14:36 PM, Info: Saving project information...
2/14/2017 3:19:36 PM, Info: Saving project information...
2/14/2017 3:19:36 PM, Info: Saving project information...
2/14/2017 3:19:36 PM, Info: Saving project information...
2/14/2017 3:24:36 PM, Info: Saving project information...
2/14/2017 3:24:36 PM, Info: Saving project information...
2/14/2017 3:24:36 PM, Info: Saving project information...
2/14/2017 3:29:36 PM, Info: Saving project information...
2/14/2017 3:29:36 PM, Info: Saving project information...
2/14/2017 3:29:36 PM, Info: Saving project information...
2/14/2017 3:34:36 PM, Info: Saving project information...
2/14/2017 3:34:36 PM, Info: Saving project information...
2/14/2017 3:34:36 PM, Info: Saving project information...
2/14/2017 3:39:36 PM, Info: Saving project information...
2/14/2017 3:39:36 PM, Info: Saving project information...
2/14/2017 3:39:36 PM, Info: Saving project information...
2/14/2017 3:56:52 PM, Info: Saving project information...
2/14/2017 3:56:52 PM, Info: Saving project information...
2/14/2017 3:56:52 PM, Info: Saving project information...
2/14/2017 4:01:51 PM, Info: Saving project information...
2/14/2017 4:01:51 PM, Info: Saving project information...
2/14/2017 4:01:51 PM, Info: Saving project information...
2/14/2017 4:06:51 PM, Info: Saving project information...
2/14/2017 4:06:51 PM, Info: Saving project information...
2/14/2017 4:06:51 PM, Info: Saving project information...
2/14/2017 4:11:51 PM, Info: Saving project information...
2/14/2017 4:11:51 PM, Info: Saving project information...
2/14/2017 4:11:51 PM, Info: Saving project information...
2/14/2017 4:16:51 PM, Info: Saving project information...
2/14/2017 4:16:51 PM, Info: Saving project information...
2/14/2017 4:16:51 PM, Info: Saving project information...
2/14/2017 4:21:51 PM, Info: Saving project information...
2/14/2017 4:21:51 PM, Info: Saving project information...
2/14/2017 4:21:51 PM, Info: Saving project information...
2/14/2017 4:26:51 PM, Info: Saving project information...
2/14/2017 4:26:51 PM, Info: Saving project information...
2/14/2017 4:26:51 PM, Info: Saving project information...
2/14/2017 4:31:51 PM, Info: Saving project information...
2/14/2017 4:31:51 PM, Info: Saving project information...
2/14/2017 4:31:51 PM, Info: Saving project information...
2/14/2017 4:36:51 PM, Info: Saving project information...
2/14/2017 4:36:51 PM, Info: Saving project information...
2/14/2017 4:36:51 PM, Info: Saving project information...
2/14/2017 4:41:51 PM, Info: Saving project information...
2/14/2017 4:41:51 PM, Info: Saving project information...
2/14/2017 4:41:51 PM, Info: Saving project information...
2/14/2017 4:46:51 PM, Info: Saving project information...
2/14/2017 4:46:51 PM, Info: Saving project information...
2/14/2017 4:46:51 PM, Info: Saving project information...
2/14/2017 4:51:51 PM, Info: Saving project information...
2/14/2017 4:51:51 PM, Info: Saving project information...
2/14/2017 4:51:51 PM, Info: Saving project information...
2/14/2017 4:56:51 PM, Info: Saving project information...
2/14/2017 4:56:51 PM, Info: Saving project information...
2/14/2017 4:56:51 PM, Info: Saving project information...
2/14/2017 5:01:51 PM, Info: Saving project information...
2/14/2017 5:01:51 PM, Info: Saving project information...
2/14/2017 5:01:51 PM, Info: Saving project information...
2/14/2017 5:06:51 PM, Info: Saving project information...
2/14/2017 5:06:51 PM, Info: Saving project information...
2/14/2017 5:06:51 PM, Info: Saving project information...
2/14/2017 5:11:51 PM, Info: Saving project information...
2/14/2017 5:11:51 PM, Info: Saving project information...
2/14/2017 5:11:51 PM, Info: Saving project information...
2/14/2017 5:16:18 PM, Info: Saving project information...
2/14/2017 5:16:18 PM, Info: Saving project information...
2/14/2017 5:16:18 PM, Info: Saving project information...
2/14/2017 5:16:18 PM, Info: Saving project information...
2/14/2017 5:16:18 PM, Info: Saving project information...
2/14/2017 5:16:18 PM, Info: Saving project information...
2/14/2017 5:16:19 PM, Info: Terminating SIMPLSharp Services
