3/6/2017 8:53:09 AM, Info: Initializing SIMPLSharp Services...
3/6/2017 8:53:09 AM, Info: ProjectInfo successfully initialized.
3/6/2017 1:19:35 PM, Info: Saving project information...
3/6/2017 1:19:35 PM, Info: Saving project information...
3/6/2017 1:19:35 PM, Info: Saving project information...
3/6/2017 1:24:35 PM, Info: Saving project information...
3/6/2017 1:24:35 PM, Info: Saving project information...
3/6/2017 1:24:35 PM, Info: Saving project information...
3/6/2017 1:29:35 PM, Info: Saving project information...
3/6/2017 1:29:35 PM, Info: Saving project information...
3/6/2017 1:29:35 PM, Info: Saving project information...
3/6/2017 1:31:45 PM, Info: Saving project information...
3/6/2017 1:31:45 PM, Info: Saving project information...
3/6/2017 1:31:45 PM, Info: Saving project information...
3/6/2017 1:31:45 PM, Info: Saving project information...
3/6/2017 1:31:45 PM, Info: Saving project information...
3/6/2017 1:31:45 PM, Info: Saving project information...
3/6/2017 1:31:48 PM, Info: Validating assembly C:\Users\hvolmer\Desktop\working\essentials\PepperDashEssentials\PepperDashEssentials\bin\PepperDashEssentials.dll...
3/6/2017 1:31:50 PM, Info: Verifying assembly C:\Users\hvolmer\Desktop\working\essentials\PepperDashEssentials\PepperDashEssentials\bin\PepperDashEssentials.dll
3/6/2017 1:31:50 PM, Info: Creating Archive C:\Users\hvolmer\Desktop\working\essentials\PepperDashEssentials\PepperDashEssentials\bin\PepperDashEssentials.cpz...
3/6/2017 1:31:52 PM, Info: Saving project information...
3/6/2017 5:18:28 PM, Info: Terminating SIMPLSharp Services
