2/20/2017 11:06:26 AM, Info: Initializing SIMPLSharp Services...
2/20/2017 11:06:27 AM, Info: ProjectInfo successfully initialized.
2/20/2017 12:42:22 PM, Info: Validating assembly C:\Users\hvolmer\Desktop\working\essentials\PepperDashEssentials\PepperDashEssentials\bin\PepperDashEssentials.dll...
2/20/2017 12:42:23 PM, Info: Verifying assembly C:\Users\hvolmer\Desktop\working\essentials\PepperDashEssentials\PepperDashEssentials\bin\PepperDashEssentials.dll
2/20/2017 12:42:24 PM, Info: Creating Archive C:\Users\hvolmer\Desktop\working\essentials\PepperDashEssentials\PepperDashEssentials\bin\PepperDashEssentials.cpz...
2/20/2017 12:42:25 PM, Info: Saving project information...
2/20/2017 1:36:30 PM, Info: Validating assembly C:\Users\hvolmer\Desktop\working\essentials\PepperDashEssentials\PepperDashEssentials\bin\PepperDashEssentials.dll...
2/20/2017 1:36:30 PM, Info: Verifying assembly C:\Users\hvolmer\Desktop\working\essentials\PepperDashEssentials\PepperDashEssentials\bin\PepperDashEssentials.dll
2/20/2017 1:36:31 PM, Info: Creating Archive C:\Users\hvolmer\Desktop\working\essentials\PepperDashEssentials\PepperDashEssentials\bin\PepperDashEssentials.cpz...
2/20/2017 1:36:32 PM, Info: Saving project information...
2/20/2017 1:42:21 PM, Info: Saving project information...
2/20/2017 1:42:21 PM, Info: Saving project information...
2/20/2017 1:42:21 PM, Info: Saving project information...
2/20/2017 1:46:45 PM, Info: Saving project information...
2/20/2017 1:46:45 PM, Info: Saving project information...
2/20/2017 1:46:45 PM, Info: Saving project information...
2/20/2017 1:46:45 PM, Info: Saving project information...
2/20/2017 1:46:45 PM, Info: Saving project information...
2/20/2017 1:46:45 PM, Info: Saving project information...
2/20/2017 1:46:46 PM, Info: Terminating SIMPLSharp Services
