2/6/2017 3:56:15 PM, Info: Initializing SIMPLSharp Services...
2/6/2017 3:56:15 PM, Info: ProjectInfo successfully initialized.
2/6/2017 4:07:50 PM, Info: Validating assembly C:\Users\hvolmer\Desktop\working\essentials-ssp\PepperDashEssentials\PepperDashEssentials\bin\PepperDashEssentials.dll...
2/6/2017 4:07:51 PM, Info: Verifying assembly C:\Users\hvolmer\Desktop\working\essentials-ssp\PepperDashEssentials\PepperDashEssentials\bin\PepperDashEssentials.dll
2/6/2017 4:07:51 PM, Info: Creating Archive C:\Users\hvolmer\Desktop\working\essentials-ssp\PepperDashEssentials\PepperDashEssentials\bin\PepperDashEssentials.cpz...
2/6/2017 4:07:53 PM, Info: Saving project information...
2/6/2017 4:41:04 PM, Info: Saving project information...
2/6/2017 4:41:04 PM, Info: Saving project information...
2/6/2017 4:41:04 PM, Info: Saving project information...
2/6/2017 4:46:04 PM, Info: Saving project information...
2/6/2017 4:46:04 PM, Info: Saving project information...
2/6/2017 4:46:04 PM, Info: Saving project information...
2/6/2017 4:51:04 PM, Info: Saving project information...
2/6/2017 4:51:04 PM, Info: Saving project information...
2/6/2017 4:51:04 PM, Info: Saving project information...
2/6/2017 4:56:04 PM, Info: Saving project information...
2/6/2017 4:56:04 PM, Info: Saving project information...
2/6/2017 4:56:04 PM, Info: Saving project information...
2/6/2017 5:01:04 PM, Info: Saving project information...
2/6/2017 5:01:04 PM, Info: Saving project information...
2/6/2017 5:01:04 PM, Info: Saving project information...
2/6/2017 5:06:04 PM, Info: Saving project information...
2/6/2017 5:06:04 PM, Info: Saving project information...
2/6/2017 5:06:04 PM, Info: Saving project information...
2/6/2017 5:10:39 PM, Info: Saving project information...
2/6/2017 5:10:39 PM, Info: Saving project information...
2/6/2017 5:10:39 PM, Info: Saving project information...
2/6/2017 5:10:39 PM, Info: Saving project information...
2/6/2017 5:10:39 PM, Info: Saving project information...
2/6/2017 5:10:39 PM, Info: Saving project information...
2/6/2017 5:10:41 PM, Info: Validating assembly C:\Users\hvolmer\Desktop\working\essentials-ssp\PepperDashEssentials\PepperDashEssentials\bin\PepperDashEssentials.dll...
2/6/2017 5:10:42 PM, Info: Verifying assembly C:\Users\hvolmer\Desktop\working\essentials-ssp\PepperDashEssentials\PepperDashEssentials\bin\PepperDashEssentials.dll
2/6/2017 5:10:43 PM, Info: Creating Archive C:\Users\hvolmer\Desktop\working\essentials-ssp\PepperDashEssentials\PepperDashEssentials\bin\PepperDashEssentials.cpz...
2/6/2017 5:10:44 PM, Info: Saving project information...
2/7/2017 8:57:36 AM, Info: Terminating SIMPLSharp Services
