2/13/2017 2:51:26 PM, Info: Initializing SIMPLSharp Services...
2/13/2017 2:51:26 PM, Info: ProjectInfo successfully initialized.
2/13/2017 3:00:26 PM, Info: Validating assembly C:\Users\hvolmer\Desktop\working\essentials\PepperDashEssentials\PepperDashEssentials\bin\PepperDashEssentials.dll...
2/13/2017 3:00:27 PM, Info: Verifying assembly C:\Users\hvolmer\Desktop\working\essentials\PepperDashEssentials\PepperDashEssentials\bin\PepperDashEssentials.dll
2/13/2017 3:00:27 PM, Info: Creating Archive C:\Users\hvolmer\Desktop\working\essentials\PepperDashEssentials\PepperDashEssentials\bin\PepperDashEssentials.cpz...
2/13/2017 3:00:28 PM, Info: Saving project information...
2/13/2017 3:40:21 PM, Info: Validating assembly C:\Users\hvolmer\Desktop\working\essentials\PepperDashEssentials\PepperDashEssentials\bin\PepperDashEssentials.dll...
2/13/2017 3:40:21 PM, Info: Verifying assembly C:\Users\hvolmer\Desktop\working\essentials\PepperDashEssentials\PepperDashEssentials\bin\PepperDashEssentials.dll
2/13/2017 3:40:21 PM, Info: Creating Archive C:\Users\hvolmer\Desktop\working\essentials\PepperDashEssentials\PepperDashEssentials\bin\PepperDashEssentials.cpz...
2/13/2017 3:40:23 PM, Info: Saving project information...
2/13/2017 3:47:17 PM, Info: Validating assembly C:\Users\hvolmer\Desktop\working\essentials\PepperDashEssentials\PepperDashEssentials\bin\PepperDashEssentials.dll...
2/13/2017 3:47:17 PM, Info: Verifying assembly C:\Users\hvolmer\Desktop\working\essentials\PepperDashEssentials\PepperDashEssentials\bin\PepperDashEssentials.dll
2/13/2017 3:47:17 PM, Info: Creating Archive C:\Users\hvolmer\Desktop\working\essentials\PepperDashEssentials\PepperDashEssentials\bin\PepperDashEssentials.cpz...
2/13/2017 3:47:19 PM, Info: Saving project information...
2/13/2017 4:05:25 PM, Info: Validating assembly C:\Users\hvolmer\Desktop\working\essentials\PepperDashEssentials\PepperDashEssentials\bin\PepperDashEssentials.dll...
2/13/2017 4:05:25 PM, Info: Verifying assembly C:\Users\hvolmer\Desktop\working\essentials\PepperDashEssentials\PepperDashEssentials\bin\PepperDashEssentials.dll
2/13/2017 4:05:25 PM, Info: Creating Archive C:\Users\hvolmer\Desktop\working\essentials\PepperDashEssentials\PepperDashEssentials\bin\PepperDashEssentials.cpz...
2/13/2017 4:05:27 PM, Info: Saving project information...
2/13/2017 4:21:21 PM, Info: Validating assembly C:\Users\hvolmer\Desktop\working\essentials\PepperDashEssentials\PepperDashEssentials\bin\PepperDashEssentials.dll...
2/13/2017 4:21:21 PM, Info: Verifying assembly C:\Users\hvolmer\Desktop\working\essentials\PepperDashEssentials\PepperDashEssentials\bin\PepperDashEssentials.dll
2/13/2017 4:21:22 PM, Info: Creating Archive C:\Users\hvolmer\Desktop\working\essentials\PepperDashEssentials\PepperDashEssentials\bin\PepperDashEssentials.cpz...
2/13/2017 4:21:23 PM, Info: Saving project information...
2/13/2017 4:43:04 PM, Info: Validating assembly C:\Users\hvolmer\Desktop\working\essentials-core\PepperDashEssentialsBase\PepperDashEssentialsBase\bin\PepperDash_Essentials_Core.dll...
2/13/2017 4:43:16 PM, Info: Saving project information...
2/13/2017 4:43:16 PM, Info: Saving project information...
2/13/2017 4:43:16 PM, Info: Saving project information...
2/13/2017 4:43:16 PM, Info: Saving project information...
2/13/2017 4:43:16 PM, Info: Saving project information...
2/13/2017 4:43:16 PM, Info: Saving project information...
2/13/2017 4:43:19 PM, Info: Validating assembly C:\Users\hvolmer\Desktop\working\essentials\PepperDashEssentials\PepperDashEssentials\bin\PepperDashEssentials.dll...
2/13/2017 4:43:19 PM, Info: Verifying assembly C:\Users\hvolmer\Desktop\working\essentials\PepperDashEssentials\PepperDashEssentials\bin\PepperDashEssentials.dll
2/13/2017 4:43:19 PM, Info: Creating Archive C:\Users\hvolmer\Desktop\working\essentials\PepperDashEssentials\PepperDashEssentials\bin\PepperDashEssentials.cpz...
2/13/2017 4:43:21 PM, Info: Saving project information...
2/13/2017 4:44:06 PM, Info: Validating assembly C:\Users\hvolmer\Desktop\working\essentials\PepperDashEssentials\PepperDashEssentials\bin\PepperDashEssentials.dll...
2/13/2017 4:44:07 PM, Info: Verifying assembly C:\Users\hvolmer\Desktop\working\essentials\PepperDashEssentials\PepperDashEssentials\bin\PepperDashEssentials.dll
2/13/2017 4:44:07 PM, Info: Creating Archive C:\Users\hvolmer\Desktop\working\essentials\PepperDashEssentials\PepperDashEssentials\bin\PepperDashEssentials.cpz...
2/13/2017 4:44:08 PM, Info: Saving project information...
2/13/2017 4:50:55 PM, Info: Validating assembly C:\Users\hvolmer\Desktop\working\essentials\PepperDashEssentials\PepperDashEssentials\bin\PepperDashEssentials.dll...
2/13/2017 4:50:55 PM, Info: Verifying assembly C:\Users\hvolmer\Desktop\working\essentials\PepperDashEssentials\PepperDashEssentials\bin\PepperDashEssentials.dll
2/13/2017 4:50:55 PM, Info: Creating Archive C:\Users\hvolmer\Desktop\working\essentials\PepperDashEssentials\PepperDashEssentials\bin\PepperDashEssentials.cpz...
2/13/2017 4:50:57 PM, Info: Saving project information...
2/13/2017 5:19:48 PM, Info: Validating assembly C:\Users\hvolmer\Desktop\working\essentials\PepperDashEssentials\PepperDashEssentials\bin\PepperDashEssentials.dll...
2/13/2017 5:19:49 PM, Info: Verifying assembly C:\Users\hvolmer\Desktop\working\essentials\PepperDashEssentials\PepperDashEssentials\bin\PepperDashEssentials.dll
2/13/2017 5:19:49 PM, Info: Creating Archive C:\Users\hvolmer\Desktop\working\essentials\PepperDashEssentials\PepperDashEssentials\bin\PepperDashEssentials.cpz...
2/13/2017 5:19:50 PM, Info: Saving project information...
2/13/2017 5:26:40 PM, Info: Validating assembly C:\Users\hvolmer\Desktop\working\essentials\PepperDashEssentials\PepperDashEssentials\bin\PepperDashEssentials.dll...
2/13/2017 5:26:41 PM, Info: Verifying assembly C:\Users\hvolmer\Desktop\working\essentials\PepperDashEssentials\PepperDashEssentials\bin\PepperDashEssentials.dll
2/13/2017 5:26:41 PM, Info: Creating Archive C:\Users\hvolmer\Desktop\working\essentials\PepperDashEssentials\PepperDashEssentials\bin\PepperDashEssentials.cpz...
2/13/2017 5:26:43 PM, Info: Saving project information...
2/13/2017 5:29:13 PM, Info: Terminating SIMPLSharp Services
