2/2/2017 9:43:08 AM, Info: Initializing SIMPLSharp Services...
2/2/2017 9:43:08 AM, Info: ProjectInfo successfully initialized.
2/2/2017 9:48:00 AM, Info: Validating assembly C:\Users\hvolmer\Desktop\working\essentials-ssp\PepperDashEssentials\PepperDashEssentials\bin\PepperDashEssentials.dll...
2/2/2017 9:48:01 AM, Info: Verifying assembly C:\Users\hvolmer\Desktop\working\essentials-ssp\PepperDashEssentials\PepperDashEssentials\bin\PepperDashEssentials.dll
2/2/2017 9:48:02 AM, Info: Creating Archive C:\Users\hvolmer\Desktop\working\essentials-ssp\PepperDashEssentials\PepperDashEssentials\bin\PepperDashEssentials.cpz...
2/2/2017 9:48:03 AM, Info: Saving project information...
2/2/2017 9:49:16 AM, Info: Validating assembly C:\Users\hvolmer\Desktop\working\essentials-ssp\PepperDashEssentials\PepperDashEssentials\bin\PepperDashEssentials.dll...
2/2/2017 9:49:16 AM, Info: Verifying assembly C:\Users\hvolmer\Desktop\working\essentials-ssp\PepperDashEssentials\PepperDashEssentials\bin\PepperDashEssentials.dll
2/2/2017 9:49:16 AM, Info: Creating Archive C:\Users\hvolmer\Desktop\working\essentials-ssp\PepperDashEssentials\PepperDashEssentials\bin\PepperDashEssentials.cpz...
2/2/2017 9:49:18 AM, Info: Saving project information...
2/2/2017 10:37:52 AM, Info: Saving project information...
2/2/2017 10:37:52 AM, Info: Saving project information...
2/2/2017 10:37:52 AM, Info: Saving project information...
2/2/2017 10:42:52 AM, Info: Saving project information...
2/2/2017 10:42:52 AM, Info: Saving project information...
2/2/2017 10:42:52 AM, Info: Saving project information...
2/2/2017 10:47:52 AM, Info: Saving project information...
2/2/2017 10:47:52 AM, Info: Saving project information...
2/2/2017 10:47:52 AM, Info: Saving project information...
2/2/2017 10:52:52 AM, Info: Saving project information...
2/2/2017 10:52:52 AM, Info: Saving project information...
2/2/2017 10:52:52 AM, Info: Saving project information...
2/2/2017 10:57:52 AM, Info: Saving project information...
2/2/2017 10:57:52 AM, Info: Saving project information...
2/2/2017 10:57:52 AM, Info: Saving project information...
2/2/2017 11:02:52 AM, Info: Saving project information...
2/2/2017 11:02:52 AM, Info: Saving project information...
2/2/2017 11:02:52 AM, Info: Saving project information...
2/2/2017 11:07:52 AM, Info: Saving project information...
2/2/2017 11:07:52 AM, Info: Saving project information...
2/2/2017 11:07:52 AM, Info: Saving project information...
2/2/2017 11:12:52 AM, Info: Saving project information...
2/2/2017 11:12:52 AM, Info: Saving project information...
2/2/2017 11:12:52 AM, Info: Saving project information...
2/2/2017 11:17:52 AM, Info: Saving project information...
2/2/2017 11:17:52 AM, Info: Saving project information...
2/2/2017 11:17:52 AM, Info: Saving project information...
2/2/2017 12:08:13 PM, Info: Saving project information...
2/2/2017 12:08:13 PM, Info: Saving project information...
2/2/2017 12:08:13 PM, Info: Saving project information...
2/2/2017 12:13:12 PM, Info: Saving project information...
2/2/2017 12:13:12 PM, Info: Saving project information...
2/2/2017 12:13:12 PM, Info: Saving project information...
2/2/2017 12:18:12 PM, Info: Saving project information...
2/2/2017 12:18:12 PM, Info: Saving project information...
2/2/2017 12:18:12 PM, Info: Saving project information...
2/2/2017 12:23:12 PM, Info: Saving project information...
2/2/2017 12:23:12 PM, Info: Saving project information...
2/2/2017 12:23:12 PM, Info: Saving project information...
2/2/2017 12:28:12 PM, Info: Saving project information...
2/2/2017 12:28:12 PM, Info: Saving project information...
2/2/2017 12:28:12 PM, Info: Saving project information...
2/2/2017 12:33:12 PM, Info: Saving project information...
2/2/2017 12:33:12 PM, Info: Saving project information...
2/2/2017 12:33:12 PM, Info: Saving project information...
2/2/2017 12:38:12 PM, Info: Saving project information...
2/2/2017 12:38:12 PM, Info: Saving project information...
2/2/2017 12:38:12 PM, Info: Saving project information...
2/2/2017 12:43:12 PM, Info: Saving project information...
2/2/2017 12:43:12 PM, Info: Saving project information...
2/2/2017 12:43:12 PM, Info: Saving project information...
2/2/2017 12:48:12 PM, Info: Saving project information...
2/2/2017 12:48:12 PM, Info: Saving project information...
2/2/2017 12:48:12 PM, Info: Saving project information...
2/2/2017 12:53:12 PM, Info: Saving project information...
2/2/2017 12:53:12 PM, Info: Saving project information...
2/2/2017 12:53:12 PM, Info: Saving project information...
2/2/2017 12:58:12 PM, Info: Saving project information...
2/2/2017 12:58:12 PM, Info: Saving project information...
2/2/2017 12:58:12 PM, Info: Saving project information...
2/2/2017 1:03:12 PM, Info: Saving project information...
2/2/2017 1:03:12 PM, Info: Saving project information...
2/2/2017 1:03:12 PM, Info: Saving project information...
2/2/2017 1:08:12 PM, Info: Saving project information...
2/2/2017 1:08:12 PM, Info: Saving project information...
2/2/2017 1:08:12 PM, Info: Saving project information...
2/2/2017 1:12:32 PM, Info: Saving project information...
2/2/2017 1:12:32 PM, Info: Saving project information...
2/2/2017 1:12:32 PM, Info: Saving project information...
2/2/2017 1:12:32 PM, Info: Saving project information...
2/2/2017 1:12:32 PM, Info: Saving project information...
2/2/2017 1:12:32 PM, Info: Saving project information...
2/2/2017 1:12:34 PM, Info: Validating assembly C:\Users\hvolmer\Desktop\working\essentials-ssp\PepperDashEssentials\PepperDashEssentials\bin\PepperDashEssentials.dll...
2/2/2017 1:12:35 PM, Info: Verifying assembly C:\Users\hvolmer\Desktop\working\essentials-ssp\PepperDashEssentials\PepperDashEssentials\bin\PepperDashEssentials.dll
2/2/2017 1:12:36 PM, Info: Creating Archive C:\Users\hvolmer\Desktop\working\essentials-ssp\PepperDashEssentials\PepperDashEssentials\bin\PepperDashEssentials.cpz...
2/2/2017 1:12:37 PM, Info: Saving project information...
2/2/2017 1:12:49 PM, Info: Validating assembly C:\Users\hvolmer\Desktop\working\essentials-ssp\PepperDashEssentials\PepperDashEssentials\bin\PepperDashEssentials.dll...
2/2/2017 1:12:49 PM, Info: Verifying assembly C:\Users\hvolmer\Desktop\working\essentials-ssp\PepperDashEssentials\PepperDashEssentials\bin\PepperDashEssentials.dll
2/2/2017 1:12:49 PM, Info: Creating Archive C:\Users\hvolmer\Desktop\working\essentials-ssp\PepperDashEssentials\PepperDashEssentials\bin\PepperDashEssentials.cpz...
2/2/2017 1:12:51 PM, Info: Saving project information...
2/2/2017 1:19:54 PM, Info: Validating assembly C:\Users\hvolmer\Desktop\working\essentials-ssp\PepperDashEssentials\PepperDashEssentials\bin\PepperDashEssentials.dll...
2/2/2017 1:19:55 PM, Info: Verifying assembly C:\Users\hvolmer\Desktop\working\essentials-ssp\PepperDashEssentials\PepperDashEssentials\bin\PepperDashEssentials.dll
2/2/2017 1:19:55 PM, Info: Creating Archive C:\Users\hvolmer\Desktop\working\essentials-ssp\PepperDashEssentials\PepperDashEssentials\bin\PepperDashEssentials.cpz...
2/2/2017 1:19:56 PM, Info: Saving project information...
2/2/2017 2:49:46 PM, Info: Validating assembly C:\Users\hvolmer\Desktop\working\essentials-ssp\PepperDashEssentials\PepperDashEssentials\bin\PepperDashEssentials.dll...
2/2/2017 2:49:47 PM, Info: Verifying assembly C:\Users\hvolmer\Desktop\working\essentials-ssp\PepperDashEssentials\PepperDashEssentials\bin\PepperDashEssentials.dll
2/2/2017 2:49:47 PM, Info: Creating Archive C:\Users\hvolmer\Desktop\working\essentials-ssp\PepperDashEssentials\PepperDashEssentials\bin\PepperDashEssentials.cpz...
2/2/2017 2:49:49 PM, Info: Saving project information...
2/2/2017 3:17:34 PM, Info: Validating assembly C:\Users\hvolmer\Desktop\working\essentials-ssp\PepperDashEssentials\PepperDashEssentials\bin\PepperDashEssentials.dll...
2/2/2017 3:17:35 PM, Info: Verifying assembly C:\Users\hvolmer\Desktop\working\essentials-ssp\PepperDashEssentials\PepperDashEssentials\bin\PepperDashEssentials.dll
2/2/2017 3:17:35 PM, Info: Creating Archive C:\Users\hvolmer\Desktop\working\essentials-ssp\PepperDashEssentials\PepperDashEssentials\bin\PepperDashEssentials.cpz...
2/2/2017 3:17:36 PM, Info: Saving project information...
2/2/2017 3:35:40 PM, Info: Validating assembly C:\Users\hvolmer\Desktop\working\essentials-ssp\PepperDashEssentials\PepperDashEssentials\bin\PepperDashEssentials.dll...
2/2/2017 3:35:41 PM, Info: Verifying assembly C:\Users\hvolmer\Desktop\working\essentials-ssp\PepperDashEssentials\PepperDashEssentials\bin\PepperDashEssentials.dll
2/2/2017 3:35:41 PM, Info: Creating Archive C:\Users\hvolmer\Desktop\working\essentials-ssp\PepperDashEssentials\PepperDashEssentials\bin\PepperDashEssentials.cpz...
2/2/2017 3:35:42 PM, Info: Saving project information...
2/2/2017 4:25:42 PM, Info: Validating assembly C:\Users\hvolmer\Desktop\working\essentials-ssp\PepperDashEssentials\PepperDashEssentials\bin\PepperDashEssentials.dll...
2/2/2017 4:25:43 PM, Info: Verifying assembly C:\Users\hvolmer\Desktop\working\essentials-ssp\PepperDashEssentials\PepperDashEssentials\bin\PepperDashEssentials.dll
2/2/2017 4:25:43 PM, Info: Creating Archive C:\Users\hvolmer\Desktop\working\essentials-ssp\PepperDashEssentials\PepperDashEssentials\bin\PepperDashEssentials.cpz...
2/2/2017 4:25:44 PM, Info: Saving project information...
2/2/2017 4:34:32 PM, Info: Terminating SIMPLSharp Services
