1/24/2017 8:36:38 AM, Info: Initializing SIMPLSharp Services...
1/24/2017 8:36:38 AM, Info: ProjectInfo successfully initialized.
1/24/2017 8:57:18 AM, Info: Validating assembly C:\Users\hvolmer\Desktop\working\essentials-ssp\PepperDashEssentials\PepperDashEssentials\bin\PepperDashEssentials.dll...
1/24/2017 8:57:20 AM, Info: Verifying assembly C:\Users\hvolmer\Desktop\working\essentials-ssp\PepperDashEssentials\PepperDashEssentials\bin\PepperDashEssentials.dll
1/24/2017 8:57:20 AM, Info: Creating Archive C:\Users\hvolmer\Desktop\working\essentials-ssp\PepperDashEssentials\PepperDashEssentials\bin\PepperDashEssentials.cpz...
1/24/2017 8:57:21 AM, Info: Saving project information...
1/24/2017 8:58:46 AM, Info: Saving project information...
1/24/2017 8:58:46 AM, Info: Saving project information...
1/24/2017 8:58:46 AM, Info: Saving project information...
1/24/2017 8:58:46 AM, Info: Saving project information...
1/24/2017 8:58:46 AM, Info: Saving project information...
1/24/2017 8:58:46 AM, Info: Saving project information...
1/24/2017 8:58:47 AM, Info: Validating assembly C:\Users\hvolmer\Desktop\working\essentials-ssp\PepperDashEssentials\PepperDashEssentials\bin\PepperDashEssentials.dll...
1/24/2017 8:58:48 AM, Info: Verifying assembly C:\Users\hvolmer\Desktop\working\essentials-ssp\PepperDashEssentials\PepperDashEssentials\bin\PepperDashEssentials.dll
1/24/2017 8:58:48 AM, Info: Creating Archive C:\Users\hvolmer\Desktop\working\essentials-ssp\PepperDashEssentials\PepperDashEssentials\bin\PepperDashEssentials.cpz...
1/24/2017 8:58:50 AM, Info: Saving project information...
1/24/2017 9:25:04 AM, Info: Validating assembly C:\Users\hvolmer\Desktop\working\essentials-ssp\PepperDashEssentials\PepperDashEssentials\bin\PepperDashEssentials.dll...
1/24/2017 9:25:04 AM, Info: Verifying assembly C:\Users\hvolmer\Desktop\working\essentials-ssp\PepperDashEssentials\PepperDashEssentials\bin\PepperDashEssentials.dll
1/24/2017 9:25:05 AM, Info: Creating Archive C:\Users\hvolmer\Desktop\working\essentials-ssp\PepperDashEssentials\PepperDashEssentials\bin\PepperDashEssentials.cpz...
1/24/2017 9:25:06 AM, Info: Saving project information...
1/24/2017 9:54:09 AM, Info: Validating assembly C:\Users\hvolmer\Desktop\working\essentials-ssp\PepperDashEssentials\PepperDashEssentials\bin\PepperDashEssentials.dll...
1/24/2017 9:54:09 AM, Info: Verifying assembly C:\Users\hvolmer\Desktop\working\essentials-ssp\PepperDashEssentials\PepperDashEssentials\bin\PepperDashEssentials.dll
1/24/2017 9:54:09 AM, Info: Creating Archive C:\Users\hvolmer\Desktop\working\essentials-ssp\PepperDashEssentials\PepperDashEssentials\bin\PepperDashEssentials.cpz...
1/24/2017 9:54:11 AM, Info: Saving project information...
1/24/2017 10:23:04 AM, Info: Validating assembly C:\Users\hvolmer\Desktop\working\pepperdash-portal-sync\SspPortalSync\SspPortalSync\bin\PepperDashPortalSync.dll...
1/24/2017 10:24:52 AM, Info: Validating assembly C:\Users\hvolmer\Desktop\working\pepperdash-portal-sync\PepperDashCorePortalSync\PepperDashPortalSync\bin\PepperDashCorePortalSync.dll...
1/24/2017 10:25:07 AM, Info: Saving project information...
1/24/2017 10:25:07 AM, Info: Saving project information...
1/24/2017 10:25:07 AM, Info: Saving project information...
1/24/2017 10:25:07 AM, Info: Saving project information...
1/24/2017 10:25:07 AM, Info: Saving project information...
1/24/2017 10:25:07 AM, Info: Saving project information...
1/24/2017 10:25:09 AM, Info: Validating assembly C:\Users\hvolmer\Desktop\working\essentials-ssp\PepperDashEssentials\PepperDashEssentials\bin\PepperDashEssentials.dll...
1/24/2017 10:25:10 AM, Info: Verifying assembly C:\Users\hvolmer\Desktop\working\essentials-ssp\PepperDashEssentials\PepperDashEssentials\bin\PepperDashEssentials.dll
1/24/2017 10:25:10 AM, Info: Creating Archive C:\Users\hvolmer\Desktop\working\essentials-ssp\PepperDashEssentials\PepperDashEssentials\bin\PepperDashEssentials.cpz...
1/24/2017 10:25:11 AM, Info: Saving project information...
1/24/2017 10:25:51 AM, Info: Validating assembly C:\Users\hvolmer\Desktop\working\essentials-ssp\PepperDashEssentials\PepperDashEssentials\bin\PepperDashEssentials.dll...
1/24/2017 10:25:52 AM, Info: Verifying assembly C:\Users\hvolmer\Desktop\working\essentials-ssp\PepperDashEssentials\PepperDashEssentials\bin\PepperDashEssentials.dll
1/24/2017 10:25:52 AM, Info: Creating Archive C:\Users\hvolmer\Desktop\working\essentials-ssp\PepperDashEssentials\PepperDashEssentials\bin\PepperDashEssentials.cpz...
1/24/2017 10:25:53 AM, Info: Saving project information...
1/24/2017 10:28:49 AM, Info: Validating assembly C:\Users\hvolmer\Desktop\working\essentials-ssp\PepperDashEssentials\PepperDashEssentials\bin\PepperDashEssentials.dll...
1/24/2017 10:28:50 AM, Info: Verifying assembly C:\Users\hvolmer\Desktop\working\essentials-ssp\PepperDashEssentials\PepperDashEssentials\bin\PepperDashEssentials.dll
1/24/2017 10:28:50 AM, Info: Creating Archive C:\Users\hvolmer\Desktop\working\essentials-ssp\PepperDashEssentials\PepperDashEssentials\bin\PepperDashEssentials.cpz...
1/24/2017 10:28:51 AM, Info: Saving project information...
1/24/2017 10:36:42 AM, Info: Validating assembly C:\Users\hvolmer\Desktop\working\essentials-ssp\PepperDashEssentials\PepperDashEssentials\bin\PepperDashEssentials.dll...
1/24/2017 10:36:42 AM, Info: Verifying assembly C:\Users\hvolmer\Desktop\working\essentials-ssp\PepperDashEssentials\PepperDashEssentials\bin\PepperDashEssentials.dll
1/24/2017 10:36:43 AM, Info: Creating Archive C:\Users\hvolmer\Desktop\working\essentials-ssp\PepperDashEssentials\PepperDashEssentials\bin\PepperDashEssentials.cpz...
1/24/2017 10:36:44 AM, Info: Saving project information...
1/24/2017 1:02:32 PM, Info: Terminating SIMPLSharp Services
