11/18/2016 11:46:54 AM, Info: Initializing SIMPLSharp Services...
11/18/2016 11:46:54 AM, Info: ProjectInfo successfully initialized.
11/18/2016 11:49:22 AM, Info: Saving project information...
11/18/2016 11:49:22 AM, Info: Saving project information...
11/18/2016 11:49:22 AM, Info: Saving project information...
11/18/2016 11:49:22 AM, Info: Saving project information...
11/18/2016 11:49:22 AM, Info: Saving project information...
11/18/2016 11:49:22 AM, Info: Saving project information...
11/18/2016 11:52:46 AM, Info: Validating assembly C:\Users\hvolmer\Desktop\working\essentials-http-server\EssentialsHttpServer\bin\EssentialsHttpServer.dll...
11/18/2016 11:53:06 AM, Info: Saving project information...
11/18/2016 11:53:06 AM, Info: Saving project information...
11/18/2016 11:53:06 AM, Info: Saving project information...
11/18/2016 11:53:06 AM, Info: Saving project information...
11/18/2016 11:53:07 AM, Info: Saving project information...
11/18/2016 11:53:07 AM, Info: Saving project information...
11/18/2016 11:53:09 AM, Info: Validating assembly C:\Users\hvolmer\Desktop\working\essentials-ssp\PepperDashEssentials\PepperDashEssentials\bin\PepperDashEssentials.dll...
11/18/2016 11:53:09 AM, Info: Verifying assembly C:\Users\hvolmer\Desktop\working\essentials-ssp\PepperDashEssentials\PepperDashEssentials\bin\PepperDashEssentials.dll
11/18/2016 11:53:10 AM, Info: Creating Archive C:\Users\hvolmer\Desktop\working\essentials-ssp\PepperDashEssentials\PepperDashEssentials\bin\PepperDashEssentials.cpz...
11/18/2016 11:53:11 AM, Info: Saving project information...
11/18/2016 12:51:23 PM, Info: Terminating SIMPLSharp Services
