1/31/2017 8:59:28 AM, Info: Initializing SIMPLSharp Services...
1/31/2017 8:59:28 AM, Info: ProjectInfo successfully initialized.
1/31/2017 11:08:48 AM, Info: Saving project information...
1/31/2017 11:08:48 AM, Info: Saving project information...
1/31/2017 11:08:48 AM, Info: Saving project information...
1/31/2017 11:10:57 AM, Info: Saving project information...
1/31/2017 11:10:57 AM, Info: Saving project information...
1/31/2017 11:10:57 AM, Info: Saving project information...
1/31/2017 11:10:57 AM, Info: Saving project information...
1/31/2017 11:10:57 AM, Info: Saving project information...
1/31/2017 11:10:57 AM, Info: Saving project information...
1/31/2017 11:11:00 AM, Info: Validating assembly C:\Users\hvolmer\Desktop\working\essentials-ssp\PepperDashEssentials\PepperDashEssentials\bin\PepperDashEssentials.dll...
1/31/2017 11:11:01 AM, Info: Verifying assembly C:\Users\hvolmer\Desktop\working\essentials-ssp\PepperDashEssentials\PepperDashEssentials\bin\PepperDashEssentials.dll
1/31/2017 11:11:01 AM, Info: Creating Archive C:\Users\hvolmer\Desktop\working\essentials-ssp\PepperDashEssentials\PepperDashEssentials\bin\PepperDashEssentials.cpz...
1/31/2017 11:11:03 AM, Info: Saving project information...
1/31/2017 11:57:55 AM, Info: Saving project information...
1/31/2017 11:57:55 AM, Info: Saving project information...
1/31/2017 11:57:55 AM, Info: Saving project information...
1/31/2017 12:02:55 PM, Info: Saving project information...
1/31/2017 12:02:55 PM, Info: Saving project information...
1/31/2017 12:02:55 PM, Info: Saving project information...
1/31/2017 12:07:55 PM, Info: Saving project information...
1/31/2017 12:07:55 PM, Info: Saving project information...
1/31/2017 12:07:55 PM, Info: Saving project information...
1/31/2017 12:12:55 PM, Info: Saving project information...
1/31/2017 12:12:55 PM, Info: Saving project information...
1/31/2017 12:12:55 PM, Info: Saving project information...
1/31/2017 12:17:55 PM, Info: Saving project information...
1/31/2017 12:17:55 PM, Info: Saving project information...
1/31/2017 12:17:55 PM, Info: Saving project information...
1/31/2017 12:22:55 PM, Info: Saving project information...
1/31/2017 12:22:55 PM, Info: Saving project information...
1/31/2017 12:22:55 PM, Info: Saving project information...
1/31/2017 12:27:55 PM, Info: Saving project information...
1/31/2017 12:27:55 PM, Info: Saving project information...
1/31/2017 12:27:55 PM, Info: Saving project information...
1/31/2017 12:32:55 PM, Info: Saving project information...
1/31/2017 12:32:55 PM, Info: Saving project information...
1/31/2017 12:32:55 PM, Info: Saving project information...
1/31/2017 12:37:55 PM, Info: Saving project information...
1/31/2017 12:37:55 PM, Info: Saving project information...
1/31/2017 12:37:55 PM, Info: Saving project information...
1/31/2017 12:42:55 PM, Info: Saving project information...
1/31/2017 12:42:55 PM, Info: Saving project information...
1/31/2017 12:42:55 PM, Info: Saving project information...
1/31/2017 12:47:55 PM, Info: Saving project information...
1/31/2017 12:47:55 PM, Info: Saving project information...
1/31/2017 12:47:55 PM, Info: Saving project information...
1/31/2017 12:52:55 PM, Info: Saving project information...
1/31/2017 12:52:55 PM, Info: Saving project information...
1/31/2017 12:52:55 PM, Info: Saving project information...
1/31/2017 12:57:55 PM, Info: Saving project information...
1/31/2017 12:57:55 PM, Info: Saving project information...
1/31/2017 12:57:55 PM, Info: Saving project information...
1/31/2017 1:02:55 PM, Info: Saving project information...
1/31/2017 1:02:55 PM, Info: Saving project information...
1/31/2017 1:02:55 PM, Info: Saving project information...
1/31/2017 1:07:55 PM, Info: Saving project information...
1/31/2017 1:07:55 PM, Info: Saving project information...
1/31/2017 1:07:55 PM, Info: Saving project information...
1/31/2017 1:12:55 PM, Info: Saving project information...
1/31/2017 1:12:55 PM, Info: Saving project information...
1/31/2017 1:12:55 PM, Info: Saving project information...
1/31/2017 1:17:55 PM, Info: Saving project information...
1/31/2017 1:17:55 PM, Info: Saving project information...
1/31/2017 1:17:55 PM, Info: Saving project information...
1/31/2017 1:22:55 PM, Info: Saving project information...
1/31/2017 1:22:55 PM, Info: Saving project information...
1/31/2017 1:22:55 PM, Info: Saving project information...
1/31/2017 1:27:55 PM, Info: Saving project information...
1/31/2017 1:27:55 PM, Info: Saving project information...
1/31/2017 1:27:55 PM, Info: Saving project information...
1/31/2017 1:32:55 PM, Info: Saving project information...
1/31/2017 1:32:55 PM, Info: Saving project information...
1/31/2017 1:32:55 PM, Info: Saving project information...
1/31/2017 1:37:55 PM, Info: Saving project information...
1/31/2017 1:37:55 PM, Info: Saving project information...
1/31/2017 1:37:55 PM, Info: Saving project information...
1/31/2017 1:42:55 PM, Info: Saving project information...
1/31/2017 1:42:55 PM, Info: Saving project information...
1/31/2017 1:42:55 PM, Info: Saving project information...
1/31/2017 1:47:55 PM, Info: Saving project information...
1/31/2017 1:47:55 PM, Info: Saving project information...
1/31/2017 1:47:55 PM, Info: Saving project information...
1/31/2017 1:52:24 PM, Info: Saving project information...
1/31/2017 1:52:24 PM, Info: Saving project information...
1/31/2017 1:52:24 PM, Info: Saving project information...
1/31/2017 1:52:24 PM, Info: Saving project information...
1/31/2017 1:52:24 PM, Info: Saving project information...
1/31/2017 1:52:24 PM, Info: Saving project information...
1/31/2017 1:52:25 PM, Info: Terminating SIMPLSharp Services
