3/2/2017 9:30:00 AM, Info: Initializing SIMPLSharp Services...
3/2/2017 9:30:00 AM, Info: ProjectInfo successfully initialized.
3/2/2017 9:30:09 AM, Info: Saving project information...
3/2/2017 9:30:09 AM, Info: Saving project information...
3/2/2017 9:30:09 AM, Info: Saving project information...
3/2/2017 9:30:09 AM, Info: Saving project information...
3/2/2017 9:30:09 AM, Info: Saving project information...
3/2/2017 9:30:09 AM, Info: Saving project information...
3/2/2017 9:30:11 AM, Info: Validating assembly C:\Users\hvolmer\Desktop\working\essentials\PepperDashEssentials\PepperDashEssentials\bin\PepperDashEssentials.dll...
3/2/2017 9:30:13 AM, Info: Verifying assembly C:\Users\hvolmer\Desktop\working\essentials\PepperDashEssentials\PepperDashEssentials\bin\PepperDashEssentials.dll
3/2/2017 9:30:13 AM, Info: Creating Archive C:\Users\hvolmer\Desktop\working\essentials\PepperDashEssentials\PepperDashEssentials\bin\PepperDashEssentials.cpz...
3/2/2017 9:30:14 AM, Info: Saving project information...
3/2/2017 10:17:17 AM, Info: Validating assembly C:\Users\hvolmer\Desktop\working\essentials\PepperDashEssentials\PepperDashEssentials\bin\PepperDashEssentials.dll...
3/2/2017 10:17:18 AM, Info: Verifying assembly C:\Users\hvolmer\Desktop\working\essentials\PepperDashEssentials\PepperDashEssentials\bin\PepperDashEssentials.dll
3/2/2017 10:17:18 AM, Info: Creating Archive C:\Users\hvolmer\Desktop\working\essentials\PepperDashEssentials\PepperDashEssentials\bin\PepperDashEssentials.cpz...
3/2/2017 10:17:20 AM, Info: Saving project information...
3/2/2017 10:25:22 AM, Info: Validating assembly C:\Users\hvolmer\Desktop\working\essentials\PepperDashEssentials\PepperDashEssentials\bin\PepperDashEssentials.dll...
3/2/2017 10:25:23 AM, Info: Verifying assembly C:\Users\hvolmer\Desktop\working\essentials\PepperDashEssentials\PepperDashEssentials\bin\PepperDashEssentials.dll
3/2/2017 10:25:23 AM, Info: Creating Archive C:\Users\hvolmer\Desktop\working\essentials\PepperDashEssentials\PepperDashEssentials\bin\PepperDashEssentials.cpz...
3/2/2017 10:25:25 AM, Info: Saving project information...
3/2/2017 2:15:17 PM, Info: Validating assembly C:\Users\hvolmer\Desktop\working\essentials\PepperDashEssentials\PepperDashEssentials\bin\PepperDashEssentials.dll...
3/2/2017 2:15:18 PM, Info: Verifying assembly C:\Users\hvolmer\Desktop\working\essentials\PepperDashEssentials\PepperDashEssentials\bin\PepperDashEssentials.dll
3/2/2017 2:15:18 PM, Info: Creating Archive C:\Users\hvolmer\Desktop\working\essentials\PepperDashEssentials\PepperDashEssentials\bin\PepperDashEssentials.cpz...
3/2/2017 2:15:19 PM, Info: Saving project information...
3/2/2017 2:29:51 PM, Info: Validating assembly C:\Users\hvolmer\Desktop\working\essentials\PepperDashEssentials\PepperDashEssentials\bin\PepperDashEssentials.dll...
3/2/2017 2:29:52 PM, Info: Verifying assembly C:\Users\hvolmer\Desktop\working\essentials\PepperDashEssentials\PepperDashEssentials\bin\PepperDashEssentials.dll
3/2/2017 2:29:52 PM, Info: Creating Archive C:\Users\hvolmer\Desktop\working\essentials\PepperDashEssentials\PepperDashEssentials\bin\PepperDashEssentials.cpz...
3/2/2017 2:29:53 PM, Info: Saving project information...
3/2/2017 2:32:50 PM, Info: Validating assembly C:\Users\hvolmer\Desktop\working\essentials\PepperDashEssentials\PepperDashEssentials\bin\PepperDashEssentials.dll...
3/2/2017 2:32:51 PM, Info: Verifying assembly C:\Users\hvolmer\Desktop\working\essentials\PepperDashEssentials\PepperDashEssentials\bin\PepperDashEssentials.dll
3/2/2017 2:32:51 PM, Info: Creating Archive C:\Users\hvolmer\Desktop\working\essentials\PepperDashEssentials\PepperDashEssentials\bin\PepperDashEssentials.cpz...
3/2/2017 2:32:52 PM, Info: Saving project information...
3/2/2017 2:37:30 PM, Info: Validating assembly C:\Users\hvolmer\Desktop\working\essentials\PepperDashEssentials\PepperDashEssentials\bin\PepperDashEssentials.dll...
3/2/2017 2:37:31 PM, Info: Verifying assembly C:\Users\hvolmer\Desktop\working\essentials\PepperDashEssentials\PepperDashEssentials\bin\PepperDashEssentials.dll
3/2/2017 2:37:31 PM, Info: Creating Archive C:\Users\hvolmer\Desktop\working\essentials\PepperDashEssentials\PepperDashEssentials\bin\PepperDashEssentials.cpz...
3/2/2017 2:37:32 PM, Info: Saving project information...
3/3/2017 8:31:30 AM, Info: Terminating SIMPLSharp Services
