2/22/2017 9:20:03 AM, Info: Initializing SIMPLSharp Services...
2/22/2017 9:20:03 AM, Info: ProjectInfo successfully initialized.
2/22/2017 1:08:29 PM, Info: Saving project information...
2/22/2017 1:08:29 PM, Info: Saving project information...
2/22/2017 1:08:29 PM, Info: Saving project information...
2/22/2017 1:13:29 PM, Info: Saving project information...
2/22/2017 1:13:29 PM, Info: Saving project information...
2/22/2017 1:13:29 PM, Info: Saving project information...
2/22/2017 1:18:29 PM, Info: Saving project information...
2/22/2017 1:18:29 PM, Info: Saving project information...
2/22/2017 1:18:29 PM, Info: Saving project information...
2/22/2017 1:23:29 PM, Info: Saving project information...
2/22/2017 1:23:29 PM, Info: Saving project information...
2/22/2017 1:23:29 PM, Info: Saving project information...
2/22/2017 1:28:29 PM, Info: Saving project information...
2/22/2017 1:28:29 PM, Info: Saving project information...
2/22/2017 1:28:29 PM, Info: Saving project information...
2/22/2017 1:33:29 PM, Info: Saving project information...
2/22/2017 1:33:29 PM, Info: Saving project information...
2/22/2017 1:33:29 PM, Info: Saving project information...
2/22/2017 1:38:29 PM, Info: Saving project information...
2/22/2017 1:38:29 PM, Info: Saving project information...
2/22/2017 1:38:29 PM, Info: Saving project information...
2/22/2017 1:43:29 PM, Info: Saving project information...
2/22/2017 1:43:29 PM, Info: Saving project information...
2/22/2017 1:43:29 PM, Info: Saving project information...
2/22/2017 1:48:29 PM, Info: Saving project information...
2/22/2017 1:48:29 PM, Info: Saving project information...
2/22/2017 1:48:29 PM, Info: Saving project information...
2/22/2017 1:53:29 PM, Info: Saving project information...
2/22/2017 1:53:29 PM, Info: Saving project information...
2/22/2017 1:53:29 PM, Info: Saving project information...
2/22/2017 1:58:29 PM, Info: Saving project information...
2/22/2017 1:58:29 PM, Info: Saving project information...
2/22/2017 1:58:29 PM, Info: Saving project information...
2/22/2017 2:03:29 PM, Info: Saving project information...
2/22/2017 2:03:29 PM, Info: Saving project information...
2/22/2017 2:03:29 PM, Info: Saving project information...
2/22/2017 2:08:29 PM, Info: Saving project information...
2/22/2017 2:08:29 PM, Info: Saving project information...
2/22/2017 2:08:29 PM, Info: Saving project information...
2/22/2017 2:13:29 PM, Info: Saving project information...
2/22/2017 2:13:29 PM, Info: Saving project information...
2/22/2017 2:13:29 PM, Info: Saving project information...
2/22/2017 2:18:29 PM, Info: Saving project information...
2/22/2017 2:18:29 PM, Info: Saving project information...
2/22/2017 2:18:29 PM, Info: Saving project information...
2/22/2017 2:23:29 PM, Info: Saving project information...
2/22/2017 2:23:29 PM, Info: Saving project information...
2/22/2017 2:23:29 PM, Info: Saving project information...
2/22/2017 2:28:29 PM, Info: Saving project information...
2/22/2017 2:28:29 PM, Info: Saving project information...
2/22/2017 2:28:29 PM, Info: Saving project information...
2/22/2017 2:33:29 PM, Info: Saving project information...
2/22/2017 2:33:29 PM, Info: Saving project information...
2/22/2017 2:33:29 PM, Info: Saving project information...
2/22/2017 2:38:29 PM, Info: Saving project information...
2/22/2017 2:38:29 PM, Info: Saving project information...
2/22/2017 2:38:29 PM, Info: Saving project information...
2/22/2017 2:43:29 PM, Info: Saving project information...
2/22/2017 2:43:29 PM, Info: Saving project information...
2/22/2017 2:43:29 PM, Info: Saving project information...
2/22/2017 2:48:29 PM, Info: Saving project information...
2/22/2017 2:48:29 PM, Info: Saving project information...
2/22/2017 2:48:29 PM, Info: Saving project information...
2/22/2017 2:53:29 PM, Info: Saving project information...
2/22/2017 2:53:29 PM, Info: Saving project information...
2/22/2017 2:53:29 PM, Info: Saving project information...
2/22/2017 2:58:29 PM, Info: Saving project information...
2/22/2017 2:58:29 PM, Info: Saving project information...
2/22/2017 2:58:29 PM, Info: Saving project information...
2/22/2017 3:03:29 PM, Info: Saving project information...
2/22/2017 3:03:29 PM, Info: Saving project information...
2/22/2017 3:03:29 PM, Info: Saving project information...
2/22/2017 3:08:29 PM, Info: Saving project information...
2/22/2017 3:08:29 PM, Info: Saving project information...
2/22/2017 3:08:29 PM, Info: Saving project information...
2/22/2017 3:13:29 PM, Info: Saving project information...
2/22/2017 3:13:29 PM, Info: Saving project information...
2/22/2017 3:13:29 PM, Info: Saving project information...
2/22/2017 3:18:29 PM, Info: Saving project information...
2/22/2017 3:18:29 PM, Info: Saving project information...
2/22/2017 3:18:29 PM, Info: Saving project information...
2/22/2017 3:23:29 PM, Info: Saving project information...
2/22/2017 3:23:29 PM, Info: Saving project information...
2/22/2017 3:23:29 PM, Info: Saving project information...
2/22/2017 3:28:29 PM, Info: Saving project information...
2/22/2017 3:28:29 PM, Info: Saving project information...
2/22/2017 3:28:29 PM, Info: Saving project information...
2/22/2017 3:33:29 PM, Info: Saving project information...
2/22/2017 3:33:29 PM, Info: Saving project information...
2/22/2017 3:33:29 PM, Info: Saving project information...
2/22/2017 3:38:29 PM, Info: Saving project information...
2/22/2017 3:38:29 PM, Info: Saving project information...
2/22/2017 3:38:29 PM, Info: Saving project information...
2/22/2017 3:43:29 PM, Info: Saving project information...
2/22/2017 3:43:29 PM, Info: Saving project information...
2/22/2017 3:43:29 PM, Info: Saving project information...
2/22/2017 3:48:29 PM, Info: Saving project information...
2/22/2017 3:48:29 PM, Info: Saving project information...
2/22/2017 3:48:29 PM, Info: Saving project information...
2/22/2017 3:53:29 PM, Info: Saving project information...
2/22/2017 3:53:29 PM, Info: Saving project information...
2/22/2017 3:53:29 PM, Info: Saving project information...
2/22/2017 3:58:29 PM, Info: Saving project information...
2/22/2017 3:58:29 PM, Info: Saving project information...
2/22/2017 3:58:29 PM, Info: Saving project information...
2/22/2017 4:01:29 PM, Info: Saving project information...
2/22/2017 4:01:29 PM, Info: Saving project information...
2/22/2017 4:01:29 PM, Info: Saving project information...
2/22/2017 4:01:29 PM, Info: Saving project information...
2/22/2017 4:01:29 PM, Info: Saving project information...
2/22/2017 4:01:29 PM, Info: Saving project information...
2/22/2017 4:01:33 PM, Info: Validating assembly C:\Users\hvolmer\Desktop\working\essentials\PepperDashEssentials\PepperDashEssentials\bin\PepperDashEssentials.dll...
2/22/2017 4:01:34 PM, Info: Verifying assembly C:\Users\hvolmer\Desktop\working\essentials\PepperDashEssentials\PepperDashEssentials\bin\PepperDashEssentials.dll
2/22/2017 4:01:35 PM, Info: Creating Archive C:\Users\hvolmer\Desktop\working\essentials\PepperDashEssentials\PepperDashEssentials\bin\PepperDashEssentials.cpz...
2/22/2017 4:01:36 PM, Info: Saving project information...
2/22/2017 4:10:42 PM, Info: Validating assembly C:\Users\hvolmer\Desktop\working\essentials\PepperDashEssentials\PepperDashEssentials\bin\PepperDashEssentials.dll...
2/22/2017 4:10:43 PM, Info: Verifying assembly C:\Users\hvolmer\Desktop\working\essentials\PepperDashEssentials\PepperDashEssentials\bin\PepperDashEssentials.dll
2/22/2017 4:10:43 PM, Info: Creating Archive C:\Users\hvolmer\Desktop\working\essentials\PepperDashEssentials\PepperDashEssentials\bin\PepperDashEssentials.cpz...
2/22/2017 4:10:44 PM, Info: Saving project information...
2/22/2017 4:13:18 PM, Info: Validating assembly C:\Users\hvolmer\Desktop\working\essentials\PepperDashEssentials\PepperDashEssentials\bin\PepperDashEssentials.dll...
2/22/2017 4:13:18 PM, Info: Verifying assembly C:\Users\hvolmer\Desktop\working\essentials\PepperDashEssentials\PepperDashEssentials\bin\PepperDashEssentials.dll
2/22/2017 4:13:18 PM, Info: Creating Archive C:\Users\hvolmer\Desktop\working\essentials\PepperDashEssentials\PepperDashEssentials\bin\PepperDashEssentials.cpz...
2/22/2017 4:13:20 PM, Info: Saving project information...
2/22/2017 5:37:25 PM, Info: Terminating SIMPLSharp Services
