2/16/2017 1:36:02 PM, Info: Initializing SIMPLSharp Services...
2/16/2017 1:36:02 PM, Info: ProjectInfo successfully initialized.
2/16/2017 3:09:53 PM, Info: Validating assembly C:\Users\hvolmer\Desktop\working\essentials\PepperDashEssentials\PepperDashEssentials\bin\PepperDashEssentials.dll...
2/16/2017 3:09:55 PM, Info: Verifying assembly C:\Users\hvolmer\Desktop\working\essentials\PepperDashEssentials\PepperDashEssentials\bin\PepperDashEssentials.dll
2/16/2017 3:09:55 PM, Info: Creating Archive C:\Users\hvolmer\Desktop\working\essentials\PepperDashEssentials\PepperDashEssentials\bin\PepperDashEssentials.cpz...
2/16/2017 3:09:56 PM, Info: Saving project information...
2/16/2017 3:16:32 PM, Info: Validating assembly C:\Users\hvolmer\Desktop\working\essentials\PepperDashEssentials\PepperDashEssentials\bin\PepperDashEssentials.dll...
2/16/2017 3:16:33 PM, Info: Verifying assembly C:\Users\hvolmer\Desktop\working\essentials\PepperDashEssentials\PepperDashEssentials\bin\PepperDashEssentials.dll
2/16/2017 3:16:33 PM, Info: Creating Archive C:\Users\hvolmer\Desktop\working\essentials\PepperDashEssentials\PepperDashEssentials\bin\PepperDashEssentials.cpz...
2/16/2017 3:16:34 PM, Info: Saving project information...
2/16/2017 3:20:07 PM, Info: Validating assembly C:\Users\hvolmer\Desktop\working\essentials\PepperDashEssentials\PepperDashEssentials\bin\PepperDashEssentials.dll...
2/16/2017 3:20:08 PM, Info: Verifying assembly C:\Users\hvolmer\Desktop\working\essentials\PepperDashEssentials\PepperDashEssentials\bin\PepperDashEssentials.dll
2/16/2017 3:20:08 PM, Info: Creating Archive C:\Users\hvolmer\Desktop\working\essentials\PepperDashEssentials\PepperDashEssentials\bin\PepperDashEssentials.cpz...
2/16/2017 3:20:10 PM, Info: Saving project information...
2/16/2017 3:32:15 PM, Info: Validating assembly C:\Users\hvolmer\Desktop\working\essentials\PepperDashEssentials\PepperDashEssentials\bin\PepperDashEssentials.dll...
2/16/2017 3:32:16 PM, Info: Verifying assembly C:\Users\hvolmer\Desktop\working\essentials\PepperDashEssentials\PepperDashEssentials\bin\PepperDashEssentials.dll
2/16/2017 3:32:16 PM, Info: Creating Archive C:\Users\hvolmer\Desktop\working\essentials\PepperDashEssentials\PepperDashEssentials\bin\PepperDashEssentials.cpz...
2/16/2017 3:32:17 PM, Info: Saving project information...
2/16/2017 3:41:21 PM, Info: Validating assembly C:\Users\hvolmer\Desktop\working\essentials\PepperDashEssentials\PepperDashEssentials\bin\PepperDashEssentials.dll...
2/16/2017 3:41:22 PM, Info: Verifying assembly C:\Users\hvolmer\Desktop\working\essentials\PepperDashEssentials\PepperDashEssentials\bin\PepperDashEssentials.dll
2/16/2017 3:41:22 PM, Info: Creating Archive C:\Users\hvolmer\Desktop\working\essentials\PepperDashEssentials\PepperDashEssentials\bin\PepperDashEssentials.cpz...
2/16/2017 3:41:23 PM, Info: Saving project information...
2/16/2017 3:45:03 PM, Info: Validating assembly C:\Users\hvolmer\Desktop\working\essentials\PepperDashEssentials\PepperDashEssentials\bin\PepperDashEssentials.dll...
2/16/2017 3:45:04 PM, Info: Verifying assembly C:\Users\hvolmer\Desktop\working\essentials\PepperDashEssentials\PepperDashEssentials\bin\PepperDashEssentials.dll
2/16/2017 3:45:04 PM, Info: Creating Archive C:\Users\hvolmer\Desktop\working\essentials\PepperDashEssentials\PepperDashEssentials\bin\PepperDashEssentials.cpz...
2/16/2017 3:45:05 PM, Info: Saving project information...
2/16/2017 4:24:42 PM, Info: Terminating SIMPLSharp Services
