2/6/2017 1:06:34 PM, Info: Initializing SIMPLSharp Services...
2/6/2017 1:06:34 PM, Info: ProjectInfo successfully initialized.
2/6/2017 1:10:17 PM, Info: Saving project information...
2/6/2017 1:10:17 PM, Info: Saving project information...
2/6/2017 1:10:17 PM, Info: Saving project information...
2/6/2017 1:10:17 PM, Info: Saving project information...
2/6/2017 1:10:17 PM, Info: Saving project information...
2/6/2017 1:10:17 PM, Info: Saving project information...
2/6/2017 1:10:21 PM, Info: Validating assembly C:\Users\hvolmer\Desktop\working\essentials-ssp\PepperDashEssentials\PepperDashEssentials\bin\PepperDashEssentials.dll...
2/6/2017 1:10:22 PM, Info: Verifying assembly C:\Users\hvolmer\Desktop\working\essentials-ssp\PepperDashEssentials\PepperDashEssentials\bin\PepperDashEssentials.dll
2/6/2017 1:10:22 PM, Info: Creating Archive C:\Users\hvolmer\Desktop\working\essentials-ssp\PepperDashEssentials\PepperDashEssentials\bin\PepperDashEssentials.cpz...
2/6/2017 1:10:23 PM, Info: Saving project information...
2/6/2017 1:44:38 PM, Info: Validating assembly C:\Users\hvolmer\Desktop\working\essentials-ssp\PepperDashEssentials\PepperDashEssentials\bin\PepperDashEssentials.dll...
2/6/2017 1:44:38 PM, Info: Verifying assembly C:\Users\hvolmer\Desktop\working\essentials-ssp\PepperDashEssentials\PepperDashEssentials\bin\PepperDashEssentials.dll
2/6/2017 1:44:39 PM, Info: Creating Archive C:\Users\hvolmer\Desktop\working\essentials-ssp\PepperDashEssentials\PepperDashEssentials\bin\PepperDashEssentials.cpz...
2/6/2017 1:44:40 PM, Info: Saving project information...
2/6/2017 1:48:23 PM, Info: Validating assembly C:\Users\hvolmer\Desktop\working\essentials-ssp\PepperDashEssentials\PepperDashEssentials\bin\PepperDashEssentials.dll...
2/6/2017 1:48:24 PM, Info: Verifying assembly C:\Users\hvolmer\Desktop\working\essentials-ssp\PepperDashEssentials\PepperDashEssentials\bin\PepperDashEssentials.dll
2/6/2017 1:48:24 PM, Info: Creating Archive C:\Users\hvolmer\Desktop\working\essentials-ssp\PepperDashEssentials\PepperDashEssentials\bin\PepperDashEssentials.cpz...
2/6/2017 1:48:25 PM, Info: Saving project information...
2/6/2017 1:48:46 PM, Info: Saving project information...
2/6/2017 1:48:46 PM, Info: Saving project information...
2/6/2017 1:48:46 PM, Info: Saving project information...
2/6/2017 1:48:46 PM, Info: Saving project information...
2/6/2017 1:48:46 PM, Info: Saving project information...
2/6/2017 1:48:46 PM, Info: Saving project information...
2/6/2017 1:48:48 PM, Info: Validating assembly C:\Users\hvolmer\Desktop\working\essentials-ssp\PepperDashEssentials\PepperDashEssentials\bin\PepperDashEssentials.dll...
2/6/2017 1:48:48 PM, Info: Verifying assembly C:\Users\hvolmer\Desktop\working\essentials-ssp\PepperDashEssentials\PepperDashEssentials\bin\PepperDashEssentials.dll
2/6/2017 1:48:48 PM, Info: Creating Archive C:\Users\hvolmer\Desktop\working\essentials-ssp\PepperDashEssentials\PepperDashEssentials\bin\PepperDashEssentials.cpz...
2/6/2017 1:48:50 PM, Info: Saving project information...
2/6/2017 1:54:12 PM, Info: Validating assembly C:\Users\hvolmer\Desktop\working\essentials-ssp\PepperDashEssentials\PepperDashEssentials\bin\PepperDashEssentials.dll...
2/6/2017 1:54:13 PM, Info: Verifying assembly C:\Users\hvolmer\Desktop\working\essentials-ssp\PepperDashEssentials\PepperDashEssentials\bin\PepperDashEssentials.dll
2/6/2017 1:54:13 PM, Info: Creating Archive C:\Users\hvolmer\Desktop\working\essentials-ssp\PepperDashEssentials\PepperDashEssentials\bin\PepperDashEssentials.cpz...
2/6/2017 1:54:14 PM, Info: Saving project information...
2/6/2017 2:14:07 PM, Info: Validating assembly C:\Users\hvolmer\Desktop\working\essentials-ssp\PepperDashEssentials\PepperDashEssentials\bin\PepperDashEssentials.dll...
2/6/2017 2:14:07 PM, Info: Verifying assembly C:\Users\hvolmer\Desktop\working\essentials-ssp\PepperDashEssentials\PepperDashEssentials\bin\PepperDashEssentials.dll
2/6/2017 2:14:07 PM, Info: Creating Archive C:\Users\hvolmer\Desktop\working\essentials-ssp\PepperDashEssentials\PepperDashEssentials\bin\PepperDashEssentials.cpz...
2/6/2017 2:14:09 PM, Info: Saving project information...
2/6/2017 2:19:25 PM, Info: Validating assembly C:\Users\hvolmer\Desktop\working\essentials-ssp\PepperDashEssentials\PepperDashEssentials\bin\PepperDashEssentials.dll...
2/6/2017 2:19:25 PM, Info: Verifying assembly C:\Users\hvolmer\Desktop\working\essentials-ssp\PepperDashEssentials\PepperDashEssentials\bin\PepperDashEssentials.dll
2/6/2017 2:19:26 PM, Info: Creating Archive C:\Users\hvolmer\Desktop\working\essentials-ssp\PepperDashEssentials\PepperDashEssentials\bin\PepperDashEssentials.cpz...
2/6/2017 2:19:27 PM, Info: Saving project information...
2/6/2017 2:34:42 PM, Info: Terminating SIMPLSharp Services
